This is LuaHBTeX, Version 1.22.0 (TeX Live 2025)  (format=lualatex 2025.8.2)  15 MAY 2026 16:28
 restricted system commands enabled.
**main.tex
(./main.tex
LaTeX2e <2025-06-01> patch level 1
L3 programming layer <2025-07-20>
Lua module: luaotfload 2024-12-03 v3.29 Lua based OpenType font support
Lua module: lualibs 2023-07-13 v2.76 ConTeXt Lua standard libraries.
Lua module: lualibs-extended 2023-07-13 v2.76 ConTeXt Lua libraries -- extended 
collection.
luaotfload | conf : Root cache directory is "C:/texlive/2025/texmf-var/luatex-ca
che/generic/names".
luaotfload | init : Loading fontloader "fontloader-2023-12-28.lua" from kpse-res
olved path "c:/texlive/2025/texmf-dist/tex/luatex/luaotfload/fontloader-2023-12-
28.lua".
Lua-only attribute luaotfload@noligature = 1
luaotfload | init : Context OpenType loader version 3.134
Inserting `luaotfload.node_processor' in `pre_linebreak_filter'.
Inserting `luaotfload.node_processor' in `hpack_filter'.
Inserting `luaotfload.glyph_stream' in `glyph_stream_provider'.
Inserting `luaotfload.define_font' in `define_font'.
Lua-only attribute luaotfload_color_attribute = 2
luaotfload | conf : Root cache directory is "C:/texlive/2025/texmf-var/luatex-ca
che/generic/names".
Inserting `luaotfload.harf.strip_prefix' in `find_opentype_file'.
Inserting `luaotfload.harf.strip_prefix' in `find_truetype_file'.
Removing  `luaotfload.glyph_stream' from `glyph_stream_provider'.
Inserting `luaotfload.harf.glyphstream' in `glyph_stream_provider'.
Inserting `luaotfload.harf.finalize_vlist' in `post_linebreak_filter'.
Inserting `luaotfload.harf.finalize_hlist' in `hpack_filter'.
Inserting `luaotfload.cleanup_files' in `wrapup_run'.
Inserting `luaotfload.harf.finalize_unicode' in `finish_pdffile'.
Inserting `luaotfload.glyphinfo' in `glyph_info'.
Lua-only attribute luaotfload.letterspace_done = 3
Inserting `luaotfload.aux.set_sscale_dimens' in `luaotfload.patch_font'.
Inserting `luaotfload.aux.set_font_index' in `luaotfload.patch_font'.
Inserting `luaotfload.aux.patch_cambria_domh' in `luaotfload.patch_font'.
Inserting `luaotfload.aux.fixup_fontdata' in `luaotfload.patch_font_unsafe'.
Inserting `luaotfload.aux.set_capheight' in `luaotfload.patch_font'.
Inserting `luaotfload.aux.set_xheight' in `luaotfload.patch_font'.
Inserting `luaotfload.rewrite_fontname' in `luaotfload.patch_font'.
Inserting `tracingstacklevels' in `input_level_string'. (./hcmut_report.cls
Document Class: hcmut_report 
(c:/texlive/2025/texmf-dist/tex/latex/base/article.cls
Document Class: article 2025/01/22 v1.4n Standard LaTeX document class
(c:/texlive/2025/texmf-dist/tex/latex/base/size12.clo
File: size12.clo 2025/01/22 v1.4n Standard LaTeX file (size option)
luaotfload | db : Font names database loaded from C:/texlive/2025/texmf-var/luat
ex-cache/generic/names/luaotfload-names.luc.gz)
\c@part=\count273
\c@section=\count274
\c@subsection=\count275
\c@subsubsection=\count276
\c@paragraph=\count277
\c@subparagraph=\count278
\c@figure=\count279
\c@table=\count280
\abovecaptionskip=\skip49
\belowcaptionskip=\skip50
\bibindent=\dimen147
)
(c:/texlive/2025/texmf-dist/tex/latex/fontspec/fontspec.sty
(c:/texlive/2025/texmf-dist/tex/latex/l3packages/xparse/xparse.sty
(c:/texlive/2025/texmf-dist/tex/latex/l3kernel/expl3.sty
Package: expl3 2025-07-20 L3 programming layer (loader) 

(c:/texlive/2025/texmf-dist/tex/latex/l3backend/l3backend-luatex.def
File: l3backend-luatex.def 2025-06-09 L3 backend support: PDF output (LuaTeX)
\l__color_backend_stack_int=\count281
Inserting `l3color' in `luaotfload.parse_color'.))
Package: xparse 2024-08-16 L3 Experimental document command parser
)
Package: fontspec 2024/05/11 v2.9e Font selection for XeLaTeX and LuaLaTeX
Lua module: fontspec 2024/05/11 v2.9e Font selection for XeLaTeX and LuaLaTeX
(c:/texlive/2025/texmf-dist/tex/latex/fontspec/fontspec-luatex.sty
Package: fontspec-luatex 2024/05/11 v2.9e Font selection for XeLaTeX and LuaLaT
eX
\l__fontspec_script_int=\count282
\l__fontspec_language_int=\count283
\l__fontspec_strnum_int=\count284
\l__fontspec_tmp_int=\count285
\l__fontspec_tmpa_int=\count286
\l__fontspec_tmpb_int=\count287
\l__fontspec_tmpc_int=\count288
\l__fontspec_em_int=\count289
\l__fontspec_emdef_int=\count290
\l__fontspec_strong_int=\count291
\l__fontspec_strongdef_int=\count292
\l__fontspec_tmpa_dim=\dimen148
\l__fontspec_tmpb_dim=\dimen149
\l__fontspec_tmpc_dim=\dimen150

(c:/texlive/2025/texmf-dist/tex/latex/base/fontenc.sty
Package: fontenc 2024/12/21 v2.1c Standard LaTeX package
)
(c:/texlive/2025/texmf-dist/tex/latex/fontspec/fontspec.cfg)))
(c:/texlive/2025/texmf-dist/tex/latex/geometry/geometry.sty
Package: geometry 2020/01/02 v5.9 Page Geometry

(c:/texlive/2025/texmf-dist/tex/latex/graphics/keyval.sty
Package: keyval 2022/05/29 v1.15 key=value parser (DPC)
\KV@toks@=\toks17
)
(c:/texlive/2025/texmf-dist/tex/generic/iftex/ifvtex.sty
Package: ifvtex 2019/10/25 v1.7 ifvtex legacy package. Use iftex instead.

(c:/texlive/2025/texmf-dist/tex/generic/iftex/iftex.sty
Package: iftex 2024/12/12 v1.0g TeX engine tests
))
\Gm@cnth=\count293
\Gm@cntv=\count294
\c@Gm@tempcnt=\count295
\Gm@bindingoffset=\dimen151
\Gm@wd@mp=\dimen152
\Gm@odd@mp=\dimen153
\Gm@even@mp=\dimen154
\Gm@layoutwidth=\dimen155
\Gm@layoutheight=\dimen156
\Gm@layouthoffset=\dimen157
\Gm@layoutvoffset=\dimen158
\Gm@dimlist=\toks18
)
(c:/texlive/2025/texmf-dist/tex/latex/textpos/textpos.sty
Package: textpos 2022/07/23 v1.10.1
Package textpos Info: choosing support for LaTeX3 on input line 60.
\TP@textbox=\box53
\TP@holdbox=\box54
\TPHorizModule=\dimen159
\TPVertModule=\dimen160
\TP@margin=\dimen161
\TP@absmargin=\dimen162

Grid set 16 x 16 = 37.34424pt x 52.81541pt
\TPboxrulesize=\dimen163
\TP@ox=\dimen164
\TP@oy=\dimen165
\TP@tbargs=\toks19
TextBlockOrigin set to 0pt x 0pt
) (c:/texlive/2025/texmf-dist/tex/latex/amsmath/amsmath.sty
Package: amsmath 2025/06/16 v2.17y AMS math features
\@mathmargin=\skip51

For additional information on amsmath, use the `?' option.
(c:/texlive/2025/texmf-dist/tex/latex/amsmath/amstext.sty
Package: amstext 2024/11/17 v2.01 AMS text

(c:/texlive/2025/texmf-dist/tex/latex/amsmath/amsgen.sty
File: amsgen.sty 1999/11/30 v2.0 generic functions
\@emptytoks=\toks20
\ex@=\dimen166
))
(c:/texlive/2025/texmf-dist/tex/latex/amsmath/amsbsy.sty
Package: amsbsy 1999/11/29 v1.2d Bold Symbols
\pmbraise@=\dimen167
)
(c:/texlive/2025/texmf-dist/tex/latex/amsmath/amsopn.sty
Package: amsopn 2022/04/08 v2.04 operator names
)
\inf@bad=\count296
LaTeX Info: Redefining \frac on input line 235.
\uproot@=\count297
\leftroot@=\count298
LaTeX Info: Redefining \overline on input line 398.
LaTeX Info: Redefining \colon on input line 409.
\classnum@=\count299
\DOTSCASE@=\count300
LaTeX Info: Redefining \ldots on input line 495.
LaTeX Info: Redefining \dots on input line 498.
LaTeX Info: Redefining \cdots on input line 619.
\Mathstrutbox@=\box55
\strutbox@=\box56
LaTeX Info: Redefining \big on input line 721.
LaTeX Info: Redefining \Big on input line 722.
LaTeX Info: Redefining \bigg on input line 723.
LaTeX Info: Redefining \Bigg on input line 724.
\big@size=\dimen168
LaTeX Font Info:    Redeclaring font encoding OML on input line 742.
LaTeX Font Info:    Redeclaring font encoding OMS on input line 743.
\macc@depth=\count301
LaTeX Info: Redefining \bmod on input line 904.
LaTeX Info: Redefining \pmod on input line 909.
LaTeX Info: Redefining \smash on input line 939.
LaTeX Info: Redefining \relbar on input line 969.
LaTeX Info: Redefining \Relbar on input line 970.
\c@MaxMatrixCols=\count302
\dotsspace@=\muskip17
\c@parentequation=\count303
\dspbrk@lvl=\count304
\tag@help=\toks21
\row@=\count305
\column@=\count306
\maxfields@=\count307
\andhelp@=\toks22
\eqnshift@=\dimen169
\alignsep@=\dimen170
\tagshift@=\dimen171
\tagwidth@=\dimen172
\totwidth@=\dimen173
\lineht@=\dimen174
\@envbody=\toks23
\multlinegap=\skip52
\multlinetaggap=\skip53
\mathdisplay@stack=\toks24
LaTeX Info: Redefining \[ on input line 2949.
LaTeX Info: Redefining \] on input line 2950.
)
(c:/texlive/2025/texmf-dist/tex/latex/amsfonts/amsfonts.sty
Package: amsfonts 2013/01/14 v3.01 Basic AMSFonts support
\symAMSa=\mathgroup4
\symAMSb=\mathgroup5
LaTeX Font Info:    Redeclaring math symbol \hbar on input line 98.
LaTeX Font Info:    Overwriting math alphabet `\mathfrak' in version `bold'
(Font)                  U/euf/m/n --> U/euf/b/n on input line 106.
)
(c:/texlive/2025/texmf-dist/tex/latex/amsfonts/amssymb.sty
Package: amssymb 2013/01/14 v3.01 AMS font symbols
)
(c:/texlive/2025/texmf-dist/tex/latex/amscls/amsthm.sty
Package: amsthm 2020/05/29 v2.20.6
\thm@style=\toks25
\thm@bodyfont=\toks26
\thm@headfont=\toks27
\thm@notefont=\toks28
\thm@headpunct=\toks29
\thm@preskip=\skip54
\thm@postskip=\skip55
\thm@headsep=\skip56
\dth@everypar=\toks30
)
(c:/texlive/2025/texmf-dist/tex/latex/graphics/graphicx.sty
Package: graphicx 2024/12/31 v1.2e Enhanced LaTeX Graphics (DPC,SPQR)

(c:/texlive/2025/texmf-dist/tex/latex/graphics/graphics.sty
Package: graphics 2024/08/06 v1.4g Standard LaTeX Graphics (DPC,SPQR)

(c:/texlive/2025/texmf-dist/tex/latex/graphics/trig.sty
Package: trig 2023/12/02 v1.11 sin cos tan (DPC)
)
(c:/texlive/2025/texmf-dist/tex/latex/graphics-cfg/graphics.cfg
File: graphics.cfg 2016/06/04 v1.11 sample graphics configuration
)
Package graphics Info: Driver file: luatex.def on input line 106.

(c:/texlive/2025/texmf-dist/tex/latex/graphics-def/luatex.def
File: luatex.def 2024/04/13 v1.2e Graphics/color driver for luatex
))
\Gin@req@height=\dimen175
\Gin@req@width=\dimen176
)
(c:/texlive/2025/texmf-dist/tex/latex/float/float.sty
Package: float 2001/11/08 v1.3d Float enhancements (AL)
\c@float@type=\count308
\float@exts=\toks31
\float@box=\box57
\@float@everytoks=\toks32
\@floatcapt=\box58
)
(c:/texlive/2025/texmf-dist/tex/latex/caption/caption.sty
Package: caption 2023/08/05 v3.6o Customizing captions (AR)

(c:/texlive/2025/texmf-dist/tex/latex/caption/caption3.sty
Package: caption3 2023/07/31 v2.4d caption3 kernel (AR)
\caption@tempdima=\dimen177
\captionmargin=\dimen178
\caption@leftmargin=\dimen179
\caption@rightmargin=\dimen180
\caption@width=\dimen181
\caption@indent=\dimen182
\caption@parindent=\dimen183
\caption@hangindent=\dimen184
Package caption Info: Standard document class detected.
)
\c@caption@flags=\count309
\c@continuedfloat=\count310
Package caption Info: float package is loaded.
)
(c:/texlive/2025/texmf-dist/tex/latex/caption/subcaption.sty
Package: subcaption 2023/07/28 v1.6b Sub-captions (AR)
Package caption Info: New subtype `subfigure' on input line 238.
\c@subfigure=\count311
Package caption Info: New subtype `subtable' on input line 238.
\c@subtable=\count312
)
(c:/texlive/2025/texmf-dist/tex/latex/booktabs/booktabs.sty
Package: booktabs 2020/01/12 v1.61803398 Publication quality tables
\heavyrulewidth=\dimen185
\lightrulewidth=\dimen186
\cmidrulewidth=\dimen187
\belowrulesep=\dimen188
\belowbottomsep=\dimen189
\aboverulesep=\dimen190
\abovetopsep=\dimen191
\cmidrulesep=\dimen192
\cmidrulekern=\dimen193
\defaultaddspace=\dimen194
\@cmidla=\count313
\@cmidlb=\count314
\@aboverulesep=\dimen195
\@belowrulesep=\dimen196
\@thisruleclass=\count315
\@lastruleclass=\count316
\@thisrulewidth=\dimen197
)
(c:/texlive/2025/texmf-dist/tex/latex/makecell/makecell.sty
Package: makecell 2009/08/03 V0.1e Managing of Tab Column Heads and Cells

(c:/texlive/2025/texmf-dist/tex/latex/tools/array.sty
Package: array 2025/06/08 v2.6j Tabular extension package (FMi)
\col@sep=\dimen198
\ar@mcellbox=\box59
\extrarowheight=\dimen199
\NC@list=\toks33
\extratabsurround=\skip57
\backup@length=\skip58
\ar@cellbox=\box60
)
\rotheadsize=\dimen256
\c@nlinenum=\count317
\TeXr@lab=\toks34
)
(c:/texlive/2025/texmf-dist/tex/latex/tools/longtable.sty
Package: longtable 2024-12-18 v4.23 Multi-page Table package (DPC)
\LTleft=\skip59
\LTright=\skip60
\LTpre=\skip61
\LTpost=\skip62
\LTchunksize=\count318
\LTcapwidth=\dimen257
\LT@head=\box61
\LT@firsthead=\box62
\LT@foot=\box63
\LT@lastfoot=\box64
\LT@gbox=\box65
\LT@cols=\count319
\LT@rows=\count320
\c@LT@tables=\count321
\c@LT@chunks=\count322
\LT@p@ftn=\toks35
)
(c:/texlive/2025/texmf-dist/tex/latex/adjustbox/adjustbox.sty
Package: adjustbox 2025/02/26 v1.3c Adjusting TeX boxes (trim, clip, ...)

(c:/texlive/2025/texmf-dist/tex/latex/xkeyval/xkeyval.sty
Package: xkeyval 2022/06/16 v2.9 package option processing (HA)

(c:/texlive/2025/texmf-dist/tex/generic/xkeyval/xkeyval.tex
(c:/texlive/2025/texmf-dist/tex/generic/xkeyval/xkvutils.tex
\XKV@toks=\toks36
\XKV@tempa@toks=\toks37
)
\XKV@depth=\count323
File: xkeyval.tex 2014/12/03 v2.7a key=value parser (HA)
))
(c:/texlive/2025/texmf-dist/tex/latex/adjustbox/adjcalc.sty
Package: adjcalc 2012/05/16 v1.1 Provides advanced setlength with multiple back
-ends (calc, etex, pgfmath)
)
(c:/texlive/2025/texmf-dist/tex/latex/adjustbox/trimclip.sty
Package: trimclip 2025/02/21 v1.2a Trim and clip general TeX material

(c:/texlive/2025/texmf-dist/tex/latex/collectbox/collectbox.sty
Package: collectbox 2022/10/17 v0.4c Collect macro arguments as boxes
\collectedbox=\box66
)
\tc@llx=\dimen258
\tc@lly=\dimen259
\tc@urx=\dimen260
\tc@ury=\dimen261
Package trimclip Info: Using driver 'tc-luatex.def'.

(c:/texlive/2025/texmf-dist/tex/latex/adjustbox/tc-luatex.def
File: tc-luatex.def 2025/02/26 v1.1 Clipping driver for luatex

(c:/texlive/2025/texmf-dist/tex/latex/adjustbox/tc-pdftex.def
File: tc-pdftex.def 2025/02/26 v2.3 Clipping driver for pdftex
)))
\adjbox@Width=\dimen262
\adjbox@Height=\dimen263
\adjbox@Depth=\dimen264
\adjbox@Totalheight=\dimen265
\adjbox@pwidth=\dimen266
\adjbox@pheight=\dimen267
\adjbox@pdepth=\dimen268
\adjbox@ptotalheight=\dimen269

(c:/texlive/2025/texmf-dist/tex/latex/ifoddpage/ifoddpage.sty
Package: ifoddpage 2022/10/18 v1.2 Conditionals for odd/even page detection
\c@checkoddpage=\count324
)
(c:/texlive/2025/texmf-dist/tex/latex/varwidth/varwidth.sty
Package: varwidth 2009/03/30 ver 0.92;  Variable-width minipages
\@vwid@box=\box67
\sift@deathcycles=\count325
\@vwid@loff=\dimen270
\@vwid@roff=\dimen271
)
==> First Aid for varwidth.sty applied!
) (c:/texlive/2025/texmf-dist/tex/latex/siunitx/siunitx.sty
Package: siunitx 2025-07-09 v3.4.14 A comprehensive (SI) units package
\l__siunitx_number_uncert_offset_int=\count326
\l__siunitx_number_exponent_fixed_int=\count327
\l__siunitx_number_min_decimal_int=\count328
\l__siunitx_number_min_integer_int=\count329
\l__siunitx_number_round_precision_int=\count330
\l__siunitx_number_lower_threshold_int=\count331
\l__siunitx_number_upper_threshold_int=\count332
\l__siunitx_number_group_first_int=\count333
\l__siunitx_number_group_size_int=\count334
\l__siunitx_number_group_minimum_int=\count335
\l__siunitx_angle_tmp_dim=\dimen272
\l__siunitx_angle_marker_box=\box68
\l__siunitx_angle_unit_box=\box69
\l__siunitx_compound_count_int=\count336

(c:/texlive/2025/texmf-dist/tex/latex/translations/translations.sty
Package: translations 2022/02/05 v1.12 internationalization of LaTeX2e packages
 (CN)

(c:/texlive/2025/texmf-dist/tex/latex/etoolbox/etoolbox.sty
Package: etoolbox 2025/02/11 v2.5l e-TeX tools for LaTeX (JAW)
\etb@tempcnta=\count337
)
(c:/texlive/2025/texmf-dist/tex/generic/pdftexcmds/pdftexcmds.sty
Package: pdftexcmds 2020-06-27 v0.33 Utility functions of pdfTeX for LuaTeX (HO
)

(c:/texlive/2025/texmf-dist/tex/generic/infwarerr/infwarerr.sty
Package: infwarerr 2019/12/03 v1.5 Providing info/warning/error messages (HO)
)
(c:/texlive/2025/texmf-dist/tex/generic/ltxcmds/ltxcmds.sty
Package: ltxcmds 2023-12-04 v1.26 LaTeX kernel commands for general use (HO)
)
Package pdftexcmds Info: \pdf@primitive is available.
Package pdftexcmds Info: \pdf@ifprimitive is available.
Package pdftexcmds Info: \pdfdraftmode found.
\pdftexcmds@toks=\toks38
))
\l__siunitx_table_tmp_box=\box70
\l__siunitx_table_tmp_dim=\dimen273
\l__siunitx_table_column_width_dim=\dimen274
\l__siunitx_table_integer_box=\box71
\l__siunitx_table_decimal_box=\box72
\l__siunitx_table_uncert_box=\box73
\l__siunitx_table_before_box=\box74
\l__siunitx_table_after_box=\box75
\l__siunitx_table_before_dim=\dimen275
\l__siunitx_table_carry_dim=\dimen276
\l__siunitx_unit_tmp_int=\count338
\l__siunitx_unit_position_int=\count339
\l__siunitx_unit_total_int=\count340
)

Package siunitx Info: Option "detect-mode" has been deprecated in this
(siunitx)             release.
(siunitx)             
(siunitx)             Use "mode = match" as a replacement.


Package siunitx Info: Option "group-digits = false" has been deprecated in
(siunitx)             this release.
(siunitx)             
(siunitx)             Use "group-digits = none" as a replacement.


(c:/texlive/2025/texmf-dist/tex/latex/tabularray/tabularray.sty
Package: tabularray 2025-03-11 v2025A Typeset tabulars and arrays with LaTeX3
\l__tblr_a_int=\count341
\l__tblr_c_int=\count342
\l__tblr_r_int=\count343
\l__tblr_d_dim=\dimen277
\l__tblr_h_dim=\dimen278
\l__tblr_o_dim=\dimen279
\l__tblr_p_dim=\dimen280
\l__tblr_q_dim=\dimen281
\l__tblr_r_dim=\dimen282
\l__tblr_s_dim=\dimen283
\l__tblr_t_dim=\dimen284
\l__tblr_v_dim=\dimen285
\l__tblr_w_dim=\dimen286
\l__tblr_a_box=\box76
\l__tblr_b_box=\box77
\l__tblr_c_box=\box78
\l__tblr_d_box=\box79
\c@tblrcount=\count344
\c@rownum=\count345
\c@colnum=\count346
\c@rowcount=\count347
\c@colcount=\count348
\abovesep=\dimen287
\belowsep=\dimen288
\leftsep=\dimen289
\rightsep=\dimen290
\gTblrLevelInt=\count349
\g__tblr_data_row_key_count_int=\count350
\g__tblr_data_column_key_count_int=\count351
\g__tblr_data_cell_key_count_int=\count352
\g__tblr_array_int=\count353
\l__tblr_key_count_int=\count354
\l__tblr_key_quotient_int=\count355
\l__tblr_key_quotient_two_int=\count356
\l__tblr_key_remainder_int=\count357
\g__tblr_data_str_value_count_int=\count358
\lTblrChildTotalInt=\count359
\lTblrChildHtotalInt=\count360
\lTblrChildVtotalInt=\count361
\l__child_diff_h_int=\count362
\l__child_diff_v_int=\count363
\l__child_sign_h_int=\count364
\l__child_sign_v_int=\count365
\l__child_step_int=\count366
\lTblrDefaultHruleWidthDim=\dimen291
\lTblrDefaultVruleWidthDim=\dimen292
\l__tblr_split_balance_int=\count367
\l__tblr_strut_dp_dim=\dimen293
\l__tblr_strut_ht_dim=\dimen294
\g__tblr_cell_wd_dim=\dimen295
\g__tblr_cell_ht_dim=\dimen296
\g__tblr_cell_head_dim=\dimen297
\g__tblr_cell_foot_dim=\dimen298
\l__tblr_measured_cell_box=\box80
\g__tblr_last_box=\box81
\l__tblr_temp_box=\box82
\l__tblr_column_target_dim=\dimen299
\l__tblr_hfuzz_dim=\dimen300
\l__tblr_caption_box=\box83
\l__tblr_caption_left_box=\box84
\lTblrRowHeadInt=\count368
\lTblrRowFootInt=\count369
\l__tblr_row_head_box=\box85
\l__tblr_row_foot_box=\box86
\l__tblr_row_head_foot_dim=\dimen301
\lTblrTableWidthDim=\dimen302
\l__tblr_table_firsthead_box=\box87
\l__tblr_table_middlehead_box=\box88
\l__tblr_table_lasthead_box=\box89
\l__tblr_table_firstfoot_box=\box90
\l__tblr_table_middlefoot_box=\box91
\l__tblr_table_lastfoot_box=\box92
\l__tblr_remain_height_dim=\dimen303
\l__tblr_long_from_int=\count370
\l__tblr_long_to_int=\count371
\l__tblr_curr_i_int=\count372
\l__tblr_prev_i_int=\count373
\lTblrTablePageInt=\count374
\l__tblr_table_head_box=\box93
\l__tblr_table_foot_box=\box94
\l__tblr_table_head_foot_dim=\dimen304
\l__tblr_table_head_body_foot_dim=\dimen305
\l__tblr_table_box=\box95
\lTblrRowFirstInt=\count375
\lTblrRowLastInt=\count376
\l__tblr_table_hlines_box=\box96
\l__tblr_hline_box=\box97
\l__tblr_row_box=\box98
\l__tblr_col_o_wd_dim=\dimen306
\l__tblr_col_b_wd_dim=\dimen307
\l__tblr_hline_leftskip_dim=\dimen308
\l__tblr_hline_rightskip_dim=\dimen309
\l__tblr_row_ht_dim=\dimen310
\l__tblr_row_dp_dim=\dimen311
\l__tblr_row_abovesep_dim=\dimen312
\l__tblr_row_belowsep_dim=\dimen313
\l__tblr_row_vlines_box=\box99
\l__tblr_vline_box=\box100
\l__tblr_cell_box=\box101
\l__tblr_row_upper_dim=\dimen314
\l__tblr_row_lower_dim=\dimen315
\l__tblr_row_vpace_dim=\dimen316
\l__tblr_vline_aboveskip_dim=\dimen317
\l__tblr_vline_belowskip_dim=\dimen318
\lTblrCellRowSpanInt=\count377
\lTblrCellColSpanInt=\count378
\l__tblr_cell_wd_dim=\dimen319
\l__tblr_cell_ht_dim=\dimen320
\lTblrCellAboveBorderWidthDim=\dimen321
\lTblrCellBelowBorderWidthDim=\dimen322
\lTblrCellLeftBorderWidthDim=\dimen323
\lTblrCellRightBorderWidthDim=\dimen324
\l__tblr_diag_box=\box102
\l__tblr_cell_inner_wd_dim=\dimen325
\l__tblr_cell_inner_dp_dim=\dimen326
\l__tblr_cell_hanchor_dim=\dimen327
\l__tblr_last_cell_table_ht_dim=\dimen328
\l__tblr_last_cell_table_dp_dim=\dimen329
\l__tblr_last_vline_wd_dim=\dimen330
\l__tblr_tikz_node_box=\box103
)
(c:/texlive/2025/texmf-dist/tex/latex/xltabular/xltabular.sty
Package: xltabular 2025/02/28 v0.2i `xltabular' package (hv,RN)

(c:/texlive/2025/texmf-dist/tex/latex/tools/tabularx.sty
Package: tabularx 2023/12/11 v2.12a `tabularx' package (DPC)
\TX@col@width=\dimen331
\TX@old@table=\dimen332
\TX@old@col=\dimen333
\TX@target=\dimen334
\TX@delta=\dimen335
\TX@cols=\count379
\TX@ftn=\toks39
)
(c:/texlive/2025/texmf-dist/tex/latex/ltablex/ltablex.sty
Package: ltablex 2014/08/13 v1.1 Modified tabularx
))
(c:/texlive/2025/texmf-dist/tex/latex/xcolor/xcolor.sty
Package: xcolor 2024/09/29 v3.02 LaTeX color extensions (UK)

(c:/texlive/2025/texmf-dist/tex/latex/graphics-cfg/color.cfg
File: color.cfg 2016/01/02 v1.6 sample color configuration
)
Package xcolor Info: Driver file: luatex.def on input line 274.

(c:/texlive/2025/texmf-dist/tex/latex/graphics/mathcolor.ltx)
Package xcolor Info: Model `cmy' substituted by `cmy0' on input line 1349.
Package xcolor Info: Model `hsb' substituted by `rgb' on input line 1353.
Package xcolor Info: Model `RGB' extended on input line 1365.
Package xcolor Info: Model `HTML' substituted by `rgb' on input line 1367.
Package xcolor Info: Model `Hsb' substituted by `hsb' on input line 1368.
Package xcolor Info: Model `tHsb' substituted by `hsb' on input line 1369.
Package xcolor Info: Model `HSB' substituted by `hsb' on input line 1370.
Package xcolor Info: Model `Gray' substituted by `gray' on input line 1371.
Package xcolor Info: Model `wave' substituted by `hsb' on input line 1372.
)
(c:/texlive/2025/texmf-dist/tex/latex/ninecolors/ninecolors.sty
Package: ninecolors 2022-02-13 v2022D Select colors with proper color contrast
)
(c:/texlive/2025/texmf-dist/tex/latex/tcolorbox/tcolorbox.sty
Package: tcolorbox 2025/07/08 version 6.7.1 text color boxes

(c:/texlive/2025/texmf-dist/tex/latex/pgf/frontendlayer/tikz.sty
(c:/texlive/2025/texmf-dist/tex/latex/pgf/basiclayer/pgf.sty
(c:/texlive/2025/texmf-dist/tex/latex/pgf/utilities/pgfrcs.sty
(c:/texlive/2025/texmf-dist/tex/generic/pgf/utilities/pgfutil-common.tex
\pgfutil@everybye=\toks40
\pgfutil@tempdima=\dimen336
\pgfutil@tempdimb=\dimen337
)
(c:/texlive/2025/texmf-dist/tex/generic/pgf/utilities/pgfutil-latex.def
\pgfutil@abb=\box104
)
(c:/texlive/2025/texmf-dist/tex/generic/pgf/utilities/pgfrcs.code.tex
(c:/texlive/2025/texmf-dist/tex/generic/pgf/pgf.revision.tex)
Package: pgfrcs 2023-01-15 v3.1.10 (3.1.10)
))
Package: pgf 2023-01-15 v3.1.10 (3.1.10)

(c:/texlive/2025/texmf-dist/tex/latex/pgf/basiclayer/pgfcore.sty
(c:/texlive/2025/texmf-dist/tex/latex/pgf/systemlayer/pgfsys.sty
(c:/texlive/2025/texmf-dist/tex/generic/pgf/systemlayer/pgfsys.code.tex
Package: pgfsys 2023-01-15 v3.1.10 (3.1.10)

(c:/texlive/2025/texmf-dist/tex/generic/pgf/utilities/pgfkeys.code.tex
\pgfkeys@pathtoks=\toks41
\pgfkeys@temptoks=\toks42

(c:/texlive/2025/texmf-dist/tex/generic/pgf/utilities/pgfkeyslibraryfiltered.co
de.tex
\pgfkeys@tmptoks=\toks43
))
\pgf@x=\dimen338
\pgf@y=\dimen339
\pgf@xa=\dimen340
\pgf@ya=\dimen341
\pgf@xb=\dimen342
\pgf@yb=\dimen343
\pgf@xc=\dimen344
\pgf@yc=\dimen345
\pgf@xd=\dimen346
\pgf@yd=\dimen347
\w@pgf@writea=\write3
\r@pgf@reada=\read2
\c@pgf@counta=\count380
\c@pgf@countb=\count381
\c@pgf@countc=\count382
\c@pgf@countd=\count383
\t@pgf@toka=\toks44
\t@pgf@tokb=\toks45
\t@pgf@tokc=\toks46
\pgf@sys@id@count=\count384
 (c:/texlive/2025/texmf-dist/tex/generic/pgf/systemlayer/pgf.cfg
File: pgf.cfg 2023-01-15 v3.1.10 (3.1.10)
)
Driver file for pgf: pgfsys-luatex.def

(c:/texlive/2025/texmf-dist/tex/generic/pgf/systemlayer/pgfsys-luatex.def
File: pgfsys-luatex.def 2023-01-15 v3.1.10 (3.1.10)

(c:/texlive/2025/texmf-dist/tex/generic/pgf/systemlayer/pgfsys-common-pdf.def
File: pgfsys-common-pdf.def 2023-01-15 v3.1.10 (3.1.10)
)))
(c:/texlive/2025/texmf-dist/tex/generic/pgf/systemlayer/pgfsyssoftpath.code.tex
File: pgfsyssoftpath.code.tex 2023-01-15 v3.1.10 (3.1.10)
\pgfsyssoftpath@smallbuffer@items=\count385
\pgfsyssoftpath@bigbuffer@items=\count386
)
(c:/texlive/2025/texmf-dist/tex/generic/pgf/systemlayer/pgfsysprotocol.code.tex
File: pgfsysprotocol.code.tex 2023-01-15 v3.1.10 (3.1.10)
)) (c:/texlive/2025/texmf-dist/tex/generic/pgf/basiclayer/pgfcore.code.tex
Package: pgfcore 2023-01-15 v3.1.10 (3.1.10)

(c:/texlive/2025/texmf-dist/tex/generic/pgf/math/pgfmath.code.tex
(c:/texlive/2025/texmf-dist/tex/generic/pgf/math/pgfmathutil.code.tex)
(c:/texlive/2025/texmf-dist/tex/generic/pgf/math/pgfmathparser.code.tex
\pgfmath@dimen=\dimen348
\pgfmath@count=\count387
\pgfmath@box=\box105
\pgfmath@toks=\toks47
\pgfmath@stack@operand=\toks48
\pgfmath@stack@operation=\toks49
)
(c:/texlive/2025/texmf-dist/tex/generic/pgf/math/pgfmathfunctions.code.tex)
(c:/texlive/2025/texmf-dist/tex/generic/pgf/math/pgfmathfunctions.basic.code.te
x)
(c:/texlive/2025/texmf-dist/tex/generic/pgf/math/pgfmathfunctions.trigonometric
.code.tex)
(c:/texlive/2025/texmf-dist/tex/generic/pgf/math/pgfmathfunctions.random.code.t
ex)
(c:/texlive/2025/texmf-dist/tex/generic/pgf/math/pgfmathfunctions.comparison.co
de.tex)
(c:/texlive/2025/texmf-dist/tex/generic/pgf/math/pgfmathfunctions.base.code.tex
)
(c:/texlive/2025/texmf-dist/tex/generic/pgf/math/pgfmathfunctions.round.code.te
x)
(c:/texlive/2025/texmf-dist/tex/generic/pgf/math/pgfmathfunctions.misc.code.tex
)
(c:/texlive/2025/texmf-dist/tex/generic/pgf/math/pgfmathfunctions.integerarithm
etics.code.tex)
(c:/texlive/2025/texmf-dist/tex/generic/pgf/math/pgfmathcalc.code.tex)
(c:/texlive/2025/texmf-dist/tex/generic/pgf/math/pgfmathfloat.code.tex
\c@pgfmathroundto@lastzeros=\count388
))
(c:/texlive/2025/texmf-dist/tex/generic/pgf/math/pgfint.code.tex)
(c:/texlive/2025/texmf-dist/tex/generic/pgf/basiclayer/pgfcorepoints.code.tex
File: pgfcorepoints.code.tex 2023-01-15 v3.1.10 (3.1.10)
\pgf@picminx=\dimen349
\pgf@picmaxx=\dimen350
\pgf@picminy=\dimen351
\pgf@picmaxy=\dimen352
\pgf@pathminx=\dimen353
\pgf@pathmaxx=\dimen354
\pgf@pathminy=\dimen355
\pgf@pathmaxy=\dimen356
\pgf@xx=\dimen357
\pgf@xy=\dimen358
\pgf@yx=\dimen359
\pgf@yy=\dimen360
\pgf@zx=\dimen361
\pgf@zy=\dimen362
)
(c:/texlive/2025/texmf-dist/tex/generic/pgf/basiclayer/pgfcorepathconstruct.cod
e.tex
File: pgfcorepathconstruct.code.tex 2023-01-15 v3.1.10 (3.1.10)
\pgf@path@lastx=\dimen363
\pgf@path@lasty=\dimen364
)
(c:/texlive/2025/texmf-dist/tex/generic/pgf/basiclayer/pgfcorepathusage.code.te
x
File: pgfcorepathusage.code.tex 2023-01-15 v3.1.10 (3.1.10)
\pgf@shorten@end@additional=\dimen365
\pgf@shorten@start@additional=\dimen366
)
(c:/texlive/2025/texmf-dist/tex/generic/pgf/basiclayer/pgfcorescopes.code.tex
File: pgfcorescopes.code.tex 2023-01-15 v3.1.10 (3.1.10)
\pgfpic=\box106
\pgf@hbox=\box107
\pgf@layerbox@main=\box108
\pgf@picture@serial@count=\count389
)
(c:/texlive/2025/texmf-dist/tex/generic/pgf/basiclayer/pgfcoregraphicstate.code
.tex
File: pgfcoregraphicstate.code.tex 2023-01-15 v3.1.10 (3.1.10)
\pgflinewidth=\dimen367
)
(c:/texlive/2025/texmf-dist/tex/generic/pgf/basiclayer/pgfcoretransformations.c
ode.tex
File: pgfcoretransformations.code.tex 2023-01-15 v3.1.10 (3.1.10)
\pgf@pt@x=\dimen368
\pgf@pt@y=\dimen369
\pgf@pt@temp=\dimen370
)
(c:/texlive/2025/texmf-dist/tex/generic/pgf/basiclayer/pgfcorequick.code.tex
File: pgfcorequick.code.tex 2023-01-15 v3.1.10 (3.1.10)
)
(c:/texlive/2025/texmf-dist/tex/generic/pgf/basiclayer/pgfcoreobjects.code.tex
File: pgfcoreobjects.code.tex 2023-01-15 v3.1.10 (3.1.10)
)
(c:/texlive/2025/texmf-dist/tex/generic/pgf/basiclayer/pgfcorepathprocessing.co
de.tex
File: pgfcorepathprocessing.code.tex 2023-01-15 v3.1.10 (3.1.10)
)
(c:/texlive/2025/texmf-dist/tex/generic/pgf/basiclayer/pgfcorearrows.code.tex
File: pgfcorearrows.code.tex 2023-01-15 v3.1.10 (3.1.10)
\pgfarrowsep=\dimen371
)
(c:/texlive/2025/texmf-dist/tex/generic/pgf/basiclayer/pgfcoreshade.code.tex
File: pgfcoreshade.code.tex 2023-01-15 v3.1.10 (3.1.10)
\pgf@max=\dimen372
\pgf@sys@shading@range@num=\count390
\pgf@shadingcount=\count391
)
(c:/texlive/2025/texmf-dist/tex/generic/pgf/basiclayer/pgfcoreimage.code.tex
File: pgfcoreimage.code.tex 2023-01-15 v3.1.10 (3.1.10)
)
(c:/texlive/2025/texmf-dist/tex/generic/pgf/basiclayer/pgfcoreexternal.code.tex
File: pgfcoreexternal.code.tex 2023-01-15 v3.1.10 (3.1.10)
\pgfexternal@startupbox=\box109
) (c:/texlive/2025/texmf-dist/tex/generic/pgf/basiclayer/pgfcorelayers.code.tex
File: pgfcorelayers.code.tex 2023-01-15 v3.1.10 (3.1.10)
)
(c:/texlive/2025/texmf-dist/tex/generic/pgf/basiclayer/pgfcoretransparency.code
.tex
File: pgfcoretransparency.code.tex 2023-01-15 v3.1.10 (3.1.10)
)
(c:/texlive/2025/texmf-dist/tex/generic/pgf/basiclayer/pgfcorepatterns.code.tex
File: pgfcorepatterns.code.tex 2023-01-15 v3.1.10 (3.1.10)
) (c:/texlive/2025/texmf-dist/tex/generic/pgf/basiclayer/pgfcorerdf.code.tex
File: pgfcorerdf.code.tex 2023-01-15 v3.1.10 (3.1.10)
))) (c:/texlive/2025/texmf-dist/tex/generic/pgf/modules/pgfmoduleshapes.code.te
x
File: pgfmoduleshapes.code.tex 2023-01-15 v3.1.10 (3.1.10)
\pgfnodeparttextbox=\box110
)
(c:/texlive/2025/texmf-dist/tex/generic/pgf/modules/pgfmoduleplot.code.tex
File: pgfmoduleplot.code.tex 2023-01-15 v3.1.10 (3.1.10)
)
(c:/texlive/2025/texmf-dist/tex/latex/pgf/compatibility/pgfcomp-version-0-65.st
y
Package: pgfcomp-version-0-65 2023-01-15 v3.1.10 (3.1.10)
\pgf@nodesepstart=\dimen373
\pgf@nodesepend=\dimen374
)
(c:/texlive/2025/texmf-dist/tex/latex/pgf/compatibility/pgfcomp-version-1-18.st
y
Package: pgfcomp-version-1-18 2023-01-15 v3.1.10 (3.1.10)
)) (c:/texlive/2025/texmf-dist/tex/latex/pgf/utilities/pgffor.sty
(c:/texlive/2025/texmf-dist/tex/latex/pgf/utilities/pgfkeys.sty
(c:/texlive/2025/texmf-dist/tex/generic/pgf/utilities/pgfkeys.code.tex))
(c:/texlive/2025/texmf-dist/tex/latex/pgf/math/pgfmath.sty
(c:/texlive/2025/texmf-dist/tex/generic/pgf/math/pgfmath.code.tex))
(c:/texlive/2025/texmf-dist/tex/generic/pgf/utilities/pgffor.code.tex
Package: pgffor 2023-01-15 v3.1.10 (3.1.10)
\pgffor@iter=\dimen375
\pgffor@skip=\dimen376
\pgffor@stack=\toks50
\pgffor@toks=\toks51
))
(c:/texlive/2025/texmf-dist/tex/generic/pgf/frontendlayer/tikz/tikz.code.tex
Package: tikz 2023-01-15 v3.1.10 (3.1.10)

(c:/texlive/2025/texmf-dist/tex/generic/pgf/libraries/pgflibraryplothandlers.co
de.tex
File: pgflibraryplothandlers.code.tex 2023-01-15 v3.1.10 (3.1.10)
\pgf@plot@mark@count=\count392
\pgfplotmarksize=\dimen377
)
\tikz@lastx=\dimen378
\tikz@lasty=\dimen379
\tikz@lastxsaved=\dimen380
\tikz@lastysaved=\dimen381
\tikz@lastmovetox=\dimen382
\tikz@lastmovetoy=\dimen383
\tikzleveldistance=\dimen384
\tikzsiblingdistance=\dimen385
\tikz@figbox=\box111
\tikz@figbox@bg=\box112
\tikz@tempbox=\box113
\tikz@tempbox@bg=\box114
\tikztreelevel=\count393
\tikznumberofchildren=\count394
\tikznumberofcurrentchild=\count395
\tikz@fig@count=\count396

(c:/texlive/2025/texmf-dist/tex/generic/pgf/modules/pgfmodulematrix.code.tex
File: pgfmodulematrix.code.tex 2023-01-15 v3.1.10 (3.1.10)
\pgfmatrixcurrentrow=\count397
\pgfmatrixcurrentcolumn=\count398
\pgf@matrix@numberofcolumns=\count399
)
\tikz@expandcount=\count400

(c:/texlive/2025/texmf-dist/tex/generic/pgf/frontendlayer/tikz/libraries/tikzli
brarytopaths.code.tex
File: tikzlibrarytopaths.code.tex 2023-01-15 v3.1.10 (3.1.10)
)))
(c:/texlive/2025/texmf-dist/tex/latex/tools/verbatim.sty
Package: verbatim 2024-01-22 v1.5x LaTeX2e package for verbatim enhancements
\every@verbatim=\toks52
\verbatim@line=\toks53
\verbatim@in@stream=\read3
)
(c:/texlive/2025/texmf-dist/tex/latex/environ/environ.sty
Package: environ 2014/05/04 v0.3 A new way to define environments

(c:/texlive/2025/texmf-dist/tex/latex/trimspaces/trimspaces.sty
Package: trimspaces 2009/09/17 v1.1 Trim spaces around a token list
))
\tcb@titlebox=\box115
\tcb@upperbox=\box116
\tcb@lowerbox=\box117
\tcb@phantombox=\box118
\c@tcbbreakpart=\count401
\c@tcblayer=\count402
\c@tcolorbox@number=\count403
\l__tcobox_tmpa_box=\box119
\l__tcobox_tmpa_dim=\dimen386
\tcb@temp=\box120
\tcb@temp=\box121
\tcb@temp=\box122
\tcb@temp=\box123
)
(c:/texlive/2025/texmf-dist/tex/generic/pgf/frontendlayer/tikz/libraries/tikzli
brarycalc.code.tex
File: tikzlibrarycalc.code.tex 2023-01-15 v3.1.10 (3.1.10)
)
(c:/texlive/2025/texmf-dist/tex/generic/pgf/frontendlayer/tikz/libraries/tikzli
braryshapes.code.tex
File: tikzlibraryshapes.code.tex 2023-01-15 v3.1.10 (3.1.10)

(c:/texlive/2025/texmf-dist/tex/generic/pgf/frontendlayer/tikz/libraries/tikzli
braryshapes.geometric.code.tex
File: tikzlibraryshapes.geometric.code.tex 2023-01-15 v3.1.10 (3.1.10)

(c:/texlive/2025/texmf-dist/tex/generic/pgf/libraries/shapes/pgflibraryshapes.g
eometric.code.tex
File: pgflibraryshapes.geometric.code.tex 2023-01-15 v3.1.10 (3.1.10)
))
(c:/texlive/2025/texmf-dist/tex/generic/pgf/frontendlayer/tikz/libraries/tikzli
braryshapes.misc.code.tex
File: tikzlibraryshapes.misc.code.tex 2023-01-15 v3.1.10 (3.1.10)

(c:/texlive/2025/texmf-dist/tex/generic/pgf/libraries/shapes/pgflibraryshapes.m
isc.code.tex
File: pgflibraryshapes.misc.code.tex 2023-01-15 v3.1.10 (3.1.10)
))
(c:/texlive/2025/texmf-dist/tex/generic/pgf/frontendlayer/tikz/libraries/tikzli
braryshapes.symbols.code.tex
File: tikzlibraryshapes.symbols.code.tex 2023-01-15 v3.1.10 (3.1.10)

(c:/texlive/2025/texmf-dist/tex/generic/pgf/libraries/shapes/pgflibraryshapes.s
ymbols.code.tex
File: pgflibraryshapes.symbols.code.tex 2023-01-15 v3.1.10 (3.1.10)
))
(c:/texlive/2025/texmf-dist/tex/generic/pgf/frontendlayer/tikz/libraries/tikzli
braryshapes.arrows.code.tex
File: tikzlibraryshapes.arrows.code.tex 2023-01-15 v3.1.10 (3.1.10)

(c:/texlive/2025/texmf-dist/tex/generic/pgf/libraries/shapes/pgflibraryshapes.a
rrows.code.tex
File: pgflibraryshapes.arrows.code.tex 2023-01-15 v3.1.10 (3.1.10)
))
(c:/texlive/2025/texmf-dist/tex/generic/pgf/frontendlayer/tikz/libraries/tikzli
braryshapes.callouts.code.tex
(c:/texlive/2025/texmf-dist/tex/generic/pgf/libraries/shapes/pgflibraryshapes.c
allouts.code.tex))
(c:/texlive/2025/texmf-dist/tex/generic/pgf/frontendlayer/tikz/libraries/tikzli
braryshapes.multipart.code.tex
File: tikzlibraryshapes.multipart.code.tex 2023-01-15 v3.1.10 (3.1.10)

(c:/texlive/2025/texmf-dist/tex/generic/pgf/libraries/shapes/pgflibraryshapes.m
ultipart.code.tex
File: pgflibraryshapes.multipart.code.tex 2023-01-15 v3.1.10 (3.1.10)
\pgfnodepartlowerbox=\box124
\pgfnodeparttwobox=\box125
\pgfnodepartthreebox=\box126
\pgfnodepartfourbox=\box127
\pgfnodeparttwentybox=\box128
\pgfnodepartnineteenbox=\box129
\pgfnodeparteighteenbox=\box130
\pgfnodepartseventeenbox=\box131
\pgfnodepartsixteenbox=\box132
\pgfnodepartfifteenbox=\box133
\pgfnodepartfourteenbox=\box134
\pgfnodepartthirteenbox=\box135
\pgfnodeparttwelvebox=\box136
\pgfnodepartelevenbox=\box137
\pgfnodeparttenbox=\box138
\pgfnodepartninebox=\box139
\pgfnodeparteightbox=\box140
\pgfnodepartsevenbox=\box141
\pgfnodepartsixbox=\box142
\pgfnodepartfivebox=\box143
)))
(c:/texlive/2025/texmf-dist/tex/generic/pgf/frontendlayer/tikz/libraries/tikzli
braryarrows.code.tex
File: tikzlibraryarrows.code.tex 2023-01-15 v3.1.10 (3.1.10)

(c:/texlive/2025/texmf-dist/tex/generic/pgf/libraries/pgflibraryarrows.code.tex
File: pgflibraryarrows.code.tex 2023-01-15 v3.1.10 (3.1.10)
\arrowsize=\dimen387
))
(c:/texlive/2025/texmf-dist/tex/generic/pgf/frontendlayer/tikz/libraries/tikzli
brarypositioning.code.tex
File: tikzlibrarypositioning.code.tex 2023-01-15 v3.1.10 (3.1.10)
)
(c:/texlive/2025/texmf-dist/tex/latex/enumitem/enumitem.sty
Package: enumitem 2025/02/06 v3.11 Customized lists
\labelindent=\skip63
\enit@outerparindent=\dimen388
\enit@toks=\toks54
\enit@inbox=\box144
\enit@count@id=\count404
\enitdp@description=\count405
)
(c:/texlive/2025/texmf-dist/tex/latex/needspace/needspace.sty
Package: needspace 2025/03/13 v1.3e reserve vertical space
)
(c:/texlive/2025/texmf-dist/tex/latex/placeins/placeins.sty
Package: placeins 2005/04/18  v 2.2
)
(c:/texlive/2025/texmf-dist/tex/latex/parskip/parskip.sty
Package: parskip 2021-03-14 v2.0h non-zero parskip adjustments

(c:/texlive/2025/texmf-dist/tex/latex/kvoptions/kvoptions.sty
Package: kvoptions 2022-06-15 v3.15 Key value format for package options (HO)

(c:/texlive/2025/texmf-dist/tex/latex/kvsetkeys/kvsetkeys.sty
Package: kvsetkeys 2022-10-05 v1.19 Key value parser (HO)
)))
(c:/texlive/2025/texmf-dist/tex/latex/fancyhdr/fancyhdr.sty
Package: fancyhdr 2025/02/07 v5.2 Extensive control of page headers and footers

\f@nch@headwidth=\skip64
\f@nch@offset@elh=\skip65
\f@nch@offset@erh=\skip66
\f@nch@offset@olh=\skip67
\f@nch@offset@orh=\skip68
\f@nch@offset@elf=\skip69
\f@nch@offset@erf=\skip70
\f@nch@offset@olf=\skip71
\f@nch@offset@orf=\skip72
\f@nch@height=\skip73
\f@nch@footalignment=\skip74
\f@nch@widthL=\skip75
\f@nch@widthC=\skip76
\f@nch@widthR=\skip77
\@temptokenb=\toks55
)
(c:/texlive/2025/texmf-dist/tex/latex/hyperref/hyperref.sty
Package: hyperref 2025-07-12 v7.01o Hypertext links for LaTeX

(c:/texlive/2025/texmf-dist/tex/generic/kvdefinekeys/kvdefinekeys.sty
Package: kvdefinekeys 2019-12-19 v1.6 Define keys (HO)
)
(c:/texlive/2025/texmf-dist/tex/generic/pdfescape/pdfescape.sty
Package: pdfescape 2019/12/09 v1.15 Implements pdfTeX's escape features (HO)
)
(c:/texlive/2025/texmf-dist/tex/latex/hycolor/hycolor.sty
Package: hycolor 2020-01-27 v1.10 Color options for hyperref/bookmark (HO)
)
(c:/texlive/2025/texmf-dist/tex/latex/hyperref/nameref.sty
Package: nameref 2025-06-21 v2.57 Cross-referencing by name of section

(c:/texlive/2025/texmf-dist/tex/latex/refcount/refcount.sty
Package: refcount 2019/12/15 v3.6 Data extraction from label references (HO)
)
(c:/texlive/2025/texmf-dist/tex/generic/gettitlestring/gettitlestring.sty
Package: gettitlestring 2019/12/15 v1.6 Cleanup title references (HO)
)
\c@section@level=\count406
)
(c:/texlive/2025/texmf-dist/tex/generic/stringenc/stringenc.sty
Package: stringenc 2019/11/29 v1.12 Convert strings between diff. encodings (HO
)
)
\@linkdim=\dimen389
\Hy@linkcounter=\count407
\Hy@pagecounter=\count408

(c:/texlive/2025/texmf-dist/tex/latex/hyperref/pd1enc.def
File: pd1enc.def 2025-07-12 v7.01o Hyperref: PDFDocEncoding definition (HO)
)
(c:/texlive/2025/texmf-dist/tex/generic/intcalc/intcalc.sty
Package: intcalc 2019/12/15 v1.3 Expandable calculations with integers (HO)
)
\Hy@SavedSpaceFactor=\count409

(c:/texlive/2025/texmf-dist/tex/latex/hyperref/puenc.def
File: puenc.def 2025-07-12 v7.01o Hyperref: PDF Unicode definition (HO)
)
Package hyperref Info: Hyper figures OFF on input line 4195.
Package hyperref Info: Link nesting OFF on input line 4200.
Package hyperref Info: Hyper index ON on input line 4203.
Package hyperref Info: Plain pages OFF on input line 4210.
Package hyperref Info: Backreferencing OFF on input line 4215.
Package hyperref Info: Implicit mode ON; LaTeX internals redefined.
Package hyperref Info: Bookmarks ON on input line 4462.
\c@Hy@tempcnt=\count410

(c:/texlive/2025/texmf-dist/tex/latex/url/url.sty
\Urlmuskip=\muskip18
Package: url 2013/09/16  ver 3.4  Verb mode for urls, etc.
)
LaTeX Info: Redefining \url on input line 4801.
\XeTeXLinkMargin=\dimen390

(c:/texlive/2025/texmf-dist/tex/generic/bitset/bitset.sty
Package: bitset 2019/12/09 v1.3 Handle bit-vector datatype (HO)

(c:/texlive/2025/texmf-dist/tex/generic/bigintcalc/bigintcalc.sty
Package: bigintcalc 2019/12/15 v1.5 Expandable calculations on big integers (HO
)
))
\Fld@menulength=\count411
\Field@Width=\dimen391
\Fld@charsize=\dimen392
Package hyperref Info: Hyper figures OFF on input line 6078.
Package hyperref Info: Link nesting OFF on input line 6083.
Package hyperref Info: Hyper index ON on input line 6086.
Package hyperref Info: backreferencing OFF on input line 6093.
Package hyperref Info: Link coloring OFF on input line 6098.
Package hyperref Info: Link coloring with OCG OFF on input line 6103.
Package hyperref Info: PDF/A mode OFF on input line 6108.
\Hy@abspage=\count412
\c@Item=\count413
\c@Hfootnote=\count414
)
Package hyperref Info: Driver (autodetected): hluatex.

(c:/texlive/2025/texmf-dist/tex/latex/hyperref/hluatex.def
File: hluatex.def 2025-07-12 v7.01o Hyperref driver for luaTeX
\Fld@listcount=\count415
\c@bookmark@seq@number=\count416

(c:/texlive/2025/texmf-dist/tex/latex/rerunfilecheck/rerunfilecheck.sty
Package: rerunfilecheck 2025-06-21 v1.11 Rerun checks for auxiliary files (HO)

(c:/texlive/2025/texmf-dist/tex/generic/uniquecounter/uniquecounter.sty
Package: uniquecounter 2019/12/15 v1.4 Provide unlimited unique counter (HO)
)
Package uniquecounter Info: New unique counter `rerunfilecheck' on input line 2
84.
)
\Hy@SectionHShift=\skip78
)
(c:/texlive/2025/texmf-dist/tex/latex/lastpage/lastpage.sty
Package: lastpage 2025/06/06 v2.1g lastpage: 2.09 or 2e? (HMM)

(c:/texlive/2025/texmf-dist/tex/latex/lastpage/lastpage2e.sty
Package: lastpage2e 2025/06/06 v2.1g Decide which 2e lastpage version to use (H
MM)

(c:/texlive/2025/texmf-dist/tex/latex/lastpage/lastpagemodern.sty
Package: lastpagemodern 2025-06-06 v2.1g Refers to last page's name (HMM; JPG)
\c@lastpagecount=\count417
) 
)) (c:/texlive/2025/texmf-dist/tex/latex/minted/minted.sty
Package: minted 2025/05/14 v3.7.0 Yet another Pygments shim for LaTeX

(c:/texlive/2025/texmf-dist/tex/generic/catchfile/catchfile.sty
Package: catchfile 2019/12/09 v1.8 Catch the contents of a file (HO)

(c:/texlive/2025/texmf-dist/tex/generic/etexcmds/etexcmds.sty
Package: etexcmds 2019/12/15 v1.7 Avoid name clashes with e-TeX commands (HO)
))
(c:/texlive/2025/texmf-dist/tex/latex/fvextra/fvextra.sty
Package: fvextra 2025/05/29 v1.13.2 fvextra - extensions and patches for fancyv
rb

(c:/texlive/2025/texmf-dist/tex/latex/fancyvrb/fancyvrb.sty
Package: fancyvrb 2025/07/28 4.6 verbatim text (tvz,hv)
\FV@CodeLineNo=\count418
\FV@InFile=\read4
\FV@TabBox=\box145
\c@FancyVerbLine=\count419
\FV@StepNumber=\count420
\FV@OutFile=\write4
)
(c:/texlive/2025/texmf-dist/tex/latex/upquote/upquote.sty
Package: upquote 2012/04/19 v1.3 upright-quote and grave-accent glyphs in verba
tim

(c:/texlive/2025/texmf-dist/tex/latex/base/textcomp.sty
Package: textcomp 2024/04/24 v2.1b Standard LaTeX package
))
(c:/texlive/2025/texmf-dist/tex/latex/lineno/lineno.sty
Package: lineno 2025/05/13 line numbers on paragraphs v5.5
\linenopenalty=\count421
\output=\toks56
\linenoprevgraf=\count422
\linenumbersep=\dimen393
\linenumberwidth=\dimen394
\c@linenumber=\count423
\c@pagewiselinenumber=\count424
\c@LN@truepage=\count425
\c@internallinenumber=\count426
\c@internallinenumbers=\count427
\quotelinenumbersep=\dimen395
\bframerule=\dimen396
\bframesep=\dimen397
\bframebox=\box146
\@LN@amsmath@ams@eqpen=\count428
)
\c@FancyVerbWriteLine=\count429
\c@FancyVerbBufferLine=\count430
\c@FV@TrueTabGroupLevel=\count431
\c@FV@TrueTabCounter=\count432
\FV@TabBox@Group=\box147
\FV@bgcolorstructbox=\box148
\FV@TmpLength=\skip79
\c@FV@HighlightLinesStart=\count433
\c@FV@HighlightLinesStop=\count434
\FV@LoopCount=\count435
\FV@NCharsBox=\box149
\FV@BreakIndent=\dimen398
\FV@BreakIndentNChars=\count436
\FV@BreakSymbolSepLeft=\dimen399
\FV@BreakSymbolSepLeftNChars=\count437
\FV@BreakSymbolSepRight=\dimen400
\FV@BreakSymbolSepRightNChars=\count438
\FV@BreakSymbolIndentLeft=\dimen401
\FV@BreakSymbolIndentLeftNChars=\count439
\FV@BreakSymbolIndentRight=\dimen402
\FV@BreakSymbolIndentRightNChars=\count440
\c@FancyVerbLineBreakLast=\count441
\FV@LineBox=\box150
\FV@LineIndentBox=\box151
\c@FV@BreakBufferDepth=\count442
\FV@LineWidth=\dimen403
)
(c:/texlive/2025/texmf-dist/tex/latex/latex2pydata/latex2pydata.sty
Package: latex2pydata 2025/03/26 v0.6.0 latex2pydata - write data to file in Py
thon literal format
)
(c:/texlive/2025/texmf-dist/tex/latex/pgfopts/pgfopts.sty
Package: pgfopts 2014/07/10 v2.1a LaTeX package options with pgfkeys
\pgfopts@list@add@a@toks=\toks57
\pgfopts@list@add@b@toks=\toks58
)
(c:/texlive/2025/texmf-dist/tex/latex/tools/shellesc.sty
Package: shellesc 2023/07/08 v1.0d unified shell escape interface for LaTeX
Package shellesc Info: Restricted shell escape enabled on input line 77.
)
\c@minted@FancyVerbLineTemp=\count443
\@float@every@listing=\toks59
\c@listing=\count444
)
(c:/texlive/2025/texmf-dist/tex/latex/csquotes/csquotes.sty
Package: csquotes 2024-04-04 v5.2o context-sensitive quotations (JAW)
\csq@reset=\count445
\csq@gtype=\count446
\csq@glevel=\count447
\csq@qlevel=\count448
\csq@maxlvl=\count449
\csq@tshold=\count450
\csq@ltx@everypar=\toks60

(c:/texlive/2025/texmf-dist/tex/latex/csquotes/csquotes.def
File: csquotes.def 2024-04-04 v5.2o csquotes generic definitions (JAW)
)
Package csquotes Info: Trying to load configuration file 'csquotes.cfg'...
Package csquotes Info: ... configuration file loaded successfully.

(c:/texlive/2025/texmf-dist/tex/latex/csquotes/csquotes.cfg
File: csquotes.cfg 
))
(c:/texlive/2025/texmf-dist/tex/latex/biblatex/biblatex.sty
Package: biblatex 2025/07/10 v3.21 programmable bibliographies (PK/MW)

(c:/texlive/2025/texmf-dist/tex/latex/logreq/logreq.sty
Package: logreq 2010/08/04 v1.0 xml request logger
\lrq@indent=\count451

(c:/texlive/2025/texmf-dist/tex/latex/logreq/logreq.def
File: logreq.def 2010/08/04 v1.0 logreq spec v1.0
))
(c:/texlive/2025/texmf-dist/tex/latex/base/ifthen.sty
Package: ifthen 2024/03/16 v1.1e Standard LaTeX ifthen package (DPC)
)
\c@tabx@nest=\count452
\c@listtotal=\count453
\c@listcount=\count454
\c@liststart=\count455
\c@liststop=\count456
\c@citecount=\count457
\c@citetotal=\count458
\c@multicitecount=\count459
\c@multicitetotal=\count460
\c@instcount=\count461
\c@maxnames=\count462
\c@minnames=\count463
\c@maxitems=\count464
\c@minitems=\count465
\c@citecounter=\count466
\c@maxcitecounter=\count467
\c@savedcitecounter=\count468
\c@uniquelist=\count469
\c@uniquename=\count470
\c@refsection=\count471
\c@refsegment=\count472
\c@maxextratitle=\count473
\c@maxextratitleyear=\count474
\c@maxextraname=\count475
\c@maxextradate=\count476
\c@maxextraalpha=\count477
\c@abbrvpenalty=\count478
\c@highnamepenalty=\count479
\c@lownamepenalty=\count480
\c@maxparens=\count481
\c@parenlevel=\count482
\blx@tempcnta=\count483
\blx@tempcntb=\count484
\blx@tempcntc=\count485
\c@blx@maxsection=\count486
\blx@maxsegment@0=\count487
\blx@notetype=\count488
\blx@parenlevel@text=\count489
\blx@parenlevel@foot=\count490
\blx@sectionciteorder@0=\count491
\blx@sectionciteorderinternal@0=\count492
\blx@entrysetcounter=\count493
\blx@biblioinstance=\count494
\labelnumberwidth=\skip80
\labelalphawidth=\skip81
\biblabelsep=\skip82
\bibitemsep=\skip83
\bibnamesep=\skip84
\bibinitsep=\skip85
\bibparsep=\skip86
\bibhang=\skip87
\blx@bcfin=\read5
\blx@bcfout=\write5
\blx@langwohyphens=\language2
\c@mincomprange=\count495
\c@maxcomprange=\count496
\c@mincompwidth=\count497
Package biblatex Info: Trying to load biblatex default data model...
Package biblatex Info: ... file 'blx-dm.def' found.

(c:/texlive/2025/texmf-dist/tex/latex/biblatex/blx-dm.def
File: blx-dm.def 2025/07/10 v3.21 biblatex datamodel (PK/MW)
)
Package biblatex Info: Trying to load biblatex style data model...
Package biblatex Info: ... file 'numeric.dbx' not found.
Package biblatex Info: Trying to load biblatex custom data model...
Package biblatex Info: ... file 'biblatex-dm.cfg' not found.
\c@afterword=\count498
\c@savedafterword=\count499
\c@annotator=\count500
\c@savedannotator=\count501
\c@author=\count502
\c@savedauthor=\count503
\c@bookauthor=\count504
\c@savedbookauthor=\count505
\c@commentator=\count506
\c@savedcommentator=\count507
\c@editor=\count508
\c@savededitor=\count509
\c@editora=\count510
\c@savededitora=\count511
\c@editorb=\count512
\c@savededitorb=\count513
\c@editorc=\count514
\c@savededitorc=\count515
\c@foreword=\count516
\c@savedforeword=\count517
\c@holder=\count518
\c@savedholder=\count519
\c@introduction=\count520
\c@savedintroduction=\count521
\c@namea=\count522
\c@savednamea=\count523
\c@nameb=\count524
\c@savednameb=\count525
\c@namec=\count526
\c@savednamec=\count527
\c@translator=\count528
\c@savedtranslator=\count529
\c@shortauthor=\count530
\c@savedshortauthor=\count531
\c@shorteditor=\count532
\c@savedshorteditor=\count533
\c@labelname=\count534
\c@savedlabelname=\count535
\c@institution=\count536
\c@savedinstitution=\count537
\c@lista=\count538
\c@savedlista=\count539
\c@listb=\count540
\c@savedlistb=\count541
\c@listc=\count542
\c@savedlistc=\count543
\c@listd=\count544
\c@savedlistd=\count545
\c@liste=\count546
\c@savedliste=\count547
\c@listf=\count548
\c@savedlistf=\count549
\c@location=\count550
\c@savedlocation=\count551
\c@organization=\count552
\c@savedorganization=\count553
\c@origlocation=\count554
\c@savedoriglocation=\count555
\c@origpublisher=\count556
\c@savedorigpublisher=\count557
\c@publisher=\count558
\c@savedpublisher=\count559
\c@language=\count560
\c@savedlanguage=\count561
\c@origlanguage=\count562
\c@savedoriglanguage=\count563
\c@pageref=\count564
\c@savedpageref=\count565
\shorthandwidth=\skip88
\shortjournalwidth=\skip89
\shortserieswidth=\skip90
\shorttitlewidth=\skip91
\shortauthorwidth=\skip92
\shorteditorwidth=\skip93
\locallabelnumberwidth=\skip94
\locallabelalphawidth=\skip95
\localshorthandwidth=\skip96
\localshortjournalwidth=\skip97
\localshortserieswidth=\skip98
\localshorttitlewidth=\skip99
\localshortauthorwidth=\skip100
\localshorteditorwidth=\skip101
Package biblatex Info: Trying to load enhanced support for Unicode engines...
Package biblatex Info: ... file 'blx-unicode.def' found.

(c:/texlive/2025/texmf-dist/tex/latex/biblatex/blx-unicode.def)
Package biblatex Info: Trying to load compatibility code...
Package biblatex Info: ... file 'blx-compat.def' found.

(c:/texlive/2025/texmf-dist/tex/latex/biblatex/blx-compat.def
File: blx-compat.def 2025/07/10 v3.21 biblatex compatibility (PK/MW)
)
Package biblatex Info: Trying to load generic definitions...
Package biblatex Info: ... file 'biblatex.def' found.

(c:/texlive/2025/texmf-dist/tex/latex/biblatex/biblatex.def
File: biblatex.def 2025/07/10 v3.21 biblatex compatibility (PK/MW)
\c@textcitecount=\count566
\c@textcitetotal=\count567
\c@textcitemaxnames=\count568
\c@biburlbigbreakpenalty=\count569
\c@biburlbreakpenalty=\count570
\c@biburlnumpenalty=\count571
\c@biburlucpenalty=\count572
\c@biburllcpenalty=\count573
\biburlbigskip=\muskip19
\biburlnumskip=\muskip20
\biburlucskip=\muskip21
\biburllcskip=\muskip22
\c@smartand=\count574
)
Package biblatex Info: Trying to load bibliography style 'numeric'...
Package biblatex Info: ... file 'numeric.bbx' found.

(c:/texlive/2025/texmf-dist/tex/latex/biblatex/bbx/numeric.bbx
File: numeric.bbx 2025/07/10 v3.21 biblatex bibliography style (PK/MW)
Package biblatex Info: Trying to load bibliography style 'standard'...
Package biblatex Info: ... file 'standard.bbx' found.

(c:/texlive/2025/texmf-dist/tex/latex/biblatex/bbx/standard.bbx
File: standard.bbx 2025/07/10 v3.21 biblatex bibliography style (PK/MW)
\c@bbx:relatedcount=\count575
\c@bbx:relatedtotal=\count576
))
Package biblatex Info: Trying to load citation style 'numeric'...
Package biblatex Info: ... file 'numeric.cbx' found.

(c:/texlive/2025/texmf-dist/tex/latex/biblatex/cbx/numeric.cbx
File: numeric.cbx 2025/07/10 v3.21 biblatex citation style (PK/MW)
Package biblatex Info: Redefining '\cite'.
Package biblatex Info: Redefining '\parencite'.
Package biblatex Info: Redefining '\footcite'.
Package biblatex Info: Redefining '\footcitetext'.
Package biblatex Info: Redefining '\smartcite'.
Package biblatex Info: Redefining '\supercite'.
Package biblatex Info: Redefining '\textcite'.
Package biblatex Info: Redefining '\textcites'.
Package biblatex Info: Redefining '\cites'.
Package biblatex Info: Redefining '\parencites'.
Package biblatex Info: Redefining '\smartcites'.
)
Package biblatex Info: Trying to load configuration file...
Package biblatex Info: ... file 'biblatex.cfg' found.

(c:/texlive/2025/texmf-dist/tex/latex/biblatex/biblatex.cfg
File: biblatex.cfg 
)
Package biblatex Info: LuaTeX detected.
(biblatex)             Assuming input encoding 'utf8'.
Package biblatex Info: Document encoding is UTF8 ....
Package biblatex Info: ... and expl3
(biblatex)             2025-07-20 L3 programming layer (loader) 
(biblatex)             is new enough (at least 2020/04/06),
(biblatex)             setting 'casechanger=expl3'.

(c:/texlive/2025/texmf-dist/tex/latex/biblatex/blx-case-expl3.sty
Package: blx-case-expl3 2025/07/10 v3.21 expl3 case changing code for biblatex
))
(c:/texlive/2025/texmf-dist/tex/generic/xstring/xstring.sty
(c:/texlive/2025/texmf-dist/tex/generic/xstring/xstring.tex
\xs_counta=\count577
\xs_countb=\count578
)
Package: xstring 2023/08/22 v1.86 String manipulations (CT)
)
(c:/texlive/2025/texmf-dist/tex/latex/tools/multicol.sty
Package: multicol 2025/05/25 v2.0a multicolumn formatting (FMi)
\c@tracingmulticols=\count579
\mult@box=\box152
\multicol@leftmargin=\dimen404
\c@unbalance=\count580
\c@collectmore=\count581
\doublecol@number=\count582
\multicoltolerance=\count583
\multicolpretolerance=\count584
\full@width=\dimen405
\page@free=\dimen406
\premulticols=\dimen407
\postmulticols=\dimen408
\multicolsep=\skip102
\multicolbaselineskip=\skip103
\partial@page=\box153
\last@line=\box154
\mc@boxedresult=\box155
\maxbalancingoverflow=\dimen409
\mult@rightbox=\box156
\mult@grightbox=\box157
\mult@firstbox=\box158
\mult@gfirstbox=\box159
\@tempa=\box160
\@tempa=\box161
\@tempa=\box162
\@tempa=\box163
\@tempa=\box164
\@tempa=\box165
\@tempa=\box166
\@tempa=\box167
\@tempa=\box168
\@tempa=\box169
\@tempa=\box170
\@tempa=\box171
\@tempa=\box172
\@tempa=\box173
\@tempa=\box174
\@tempa=\box175
\@tempa=\box176
\@tempa=\box177
\@tempa=\box178
\@tempa=\box179
\@tempa=\box180
\@tempa=\box181
\@tempa=\box182
\@tempa=\box183
\@tempa=\box184
\@tempa=\box185
\@tempa=\box186
\@tempa=\box187
\@tempa=\box188
\@tempa=\box189
\@tempa=\box190
\@tempa=\box191
\@tempa=\box192
\@tempa=\box193
\@tempa=\box194
\@tempa=\box195
\c@minrows=\count585
\c@columnbadness=\count586
\c@finalcolumnbadness=\count587
\last@try=\dimen410
\multicolovershoot=\dimen411
\multicolundershoot=\dimen412
\mult@nat@firstbox=\box196
\colbreak@box=\box197
\mc@col@check@num=\count588
\g__mc_curr_col_int=\count589
)
(c:/texlive/2025/texmf-dist/tex/latex/oberdiek/stackrel.sty
Package: stackrel 2016/05/16 v1.3 Adding subscript option to stackrel (HO)
)
(c:/texlive/2025/texmf-dist/tex/latex/hyphenat/hyphenat.sty
Package: hyphenat 2009/09/02 v2.3c hyphenation utilities
\langwohyphens=\language3
LaTeX Info: Redefining \_ on input line 43.
)
(c:/texlive/2025/texmf-dist/tex/generic/babel/babel.sty
Package: babel 2025/08/03 v25.12 The multilingual framework for LuaLaTeX, pdfLa
TeX and XeLaTeX

(c:/texlive/2025/texmf-dist/tex/generic/babel/luababel.def
\bbl@readstream=\read6
\l@dumylang=\language4
Package babel Info: Non-standard hyphenation setup on input line 118.
\l@nohyphenation=\language5
\l@german-x-2024-02-28=\language6
\l@ngerman-x-2024-02-28=\language7
\l@afrikaans=\language8
\l@albanian=\language9
\l@ancientgreek=\language10
\l@ibycus=\language11
\l@arabic=\language12
\l@armenian=\language13
\l@basque=\language14
\l@belarusian=\language15
\l@bulgarian=\language16
\l@catalan=\language17
\l@pinyin=\language18
\l@churchslavonic=\language19
\l@coptic=\language20
\l@croatian=\language21
\l@czech=\language22
\l@danish=\language23
\l@dutch=\language24
\l@ukenglish=\language25
\l@usenglishmax=\language26
\l@esperanto=\language27
\l@estonian=\language28
\l@ethiopic=\language29
\l@farsi=\language30
\l@finnish=\language31
\l@schoolfinnish=\language32
\l@french=\language33
\l@friulan=\language34
\l@galician=\language35
\l@georgian=\language36
\l@german=\language37
\l@ngerman=\language38
\l@swissgerman=\language39
\l@greek=\language40
\l@monogreek=\language41
\l@hebrew=\language42
\l@hungarian=\language43
\l@icelandic=\language44
\l@assamese=\language45
\l@bengali=\language46
\l@gujarati=\language47
\l@hindi=\language48
\l@kannada=\language49
\l@malayalam=\language50
\l@marathi=\language51
\l@oriya=\language52
\l@pali=\language53
\l@panjabi=\language54
\l@tamil=\language55
\l@telugu=\language56
\l@indonesian=\language57
\l@interlingua=\language58
\l@irish=\language59
\l@italian=\language60
\l@kurmanji=\language61
\l@classiclatin=\language62
\l@latin=\language63
\l@liturgicallatin=\language64
\l@latvian=\language65
\l@lithuanian=\language66
\l@macedonian=\language67
\l@mongolian=\language68
\l@mongolianlmc=\language69
\l@bokmal=\language70
\l@nynorsk=\language71
\l@occitan=\language72
\l@piedmontese=\language73
\l@polish=\language74
\l@portuguese=\language75
\l@romanian=\language76
\l@romansh=\language77
\l@russian=\language78
\l@sanskrit=\language79
\l@serbian=\language80
\l@serbianc=\language81
\l@slovak=\language82
\l@slovenian=\language83
\l@spanish=\language84
\l@swedish=\language85
\l@thai=\language86
\l@turkish=\language87
\l@turkmen=\language88
\l@ukrainian=\language89
\l@uppersorbian=\language90
\l@vietnamese=\language91
\l@welsh=\language92
\babelcatcodetablenum=\catcodetable14
\bbl@pattcodes=\catcodetable15
)
\babel@savecnt=\count590
LaTeX Encoding Info:    Redeclaring text command \ij (encoding OT1) on input li
ne 2045.
LaTeX Encoding Info:    Redeclaring text command \IJ (encoding OT1) on input li
ne 2047.
LaTeX Encoding Info:    Redeclaring text command \ij (encoding T1) on input lin
e 2049.
LaTeX Encoding Info:    Redeclaring text command \IJ (encoding T1) on input lin
e 2050.
LaTeX Encoding Info:    Ignoring declaration for text command \ij (encoding ?) 
on input line 2051.
LaTeX Encoding Info:    Ignoring declaration for text command \IJ (encoding ?) 
on input line 2053.
LaTeX Encoding Info:    Ignoring declaration for text command \SS (encoding ?) 
on input line 2078.
\U@D=\dimen413
\l@unhyphenated=\language93

(c:/texlive/2025/texmf-dist/tex/generic/babel/luababel.def
\bbl@attr@locale=\attribute4
)
(c:/texlive/2025/texmf-dist/tex/generic/babel-english/english.ldf
Language: english 2017/06/06 v3.3r English support from the babel system

(c:/texlive/2025/texmf-dist/tex/generic/babel/locale/en/babel-english.tex
Package babel Info: Importing font and identification data for english
(babel)             from babel-en.ini. Reported on input line 12.
)
Package babel Info: Hyphen rules for 'canadian' set to \l@english
(babel)             (\language0). Reported on input line 102.
Package babel Info: Hyphen rules for 'australian' set to \l@ukenglish
(babel)             (\language25). Reported on input line 105.
Package babel Info: Hyphen rules for 'newzealand' set to \l@ukenglish
(babel)             (\language25). Reported on input line 108.
))
(c:/texlive/2025/texmf-dist/tex/latex/algorithm2e/algorithm2e.sty
Package: algorithm2e 2017/07/18 v5.2 algorithms environments
\c@AlgoLine=\count591
\algocf@hangindent=\skip104

(c:/texlive/2025/texmf-dist/tex/latex/tools/xspace.sty
Package: xspace 2014/10/28 v1.13 Space after command names (DPC,MH)
)
(c:/texlive/2025/texmf-dist/tex/latex/relsize/relsize.sty
Package: relsize 2013/03/29 ver 4.1
)
\skiptotal=\skip105
\skiplinenumber=\skip106
\skiprule=\skip107
\skiphlne=\skip108
\skiptext=\skip109
\skiplength=\skip110
\algomargin=\skip111
\skipalgocfslide=\skip112
\algowidth=\dimen414
\inoutsize=\dimen415
\inoutindent=\dimen416
\interspacetitleruled=\dimen417
\interspacealgoruled=\dimen418
\interspacetitleboxruled=\dimen419
\algocf@ruledwidth=\skip113
\algocf@inoutbox=\box198
\algocf@inputbox=\box199
\AlCapSkip=\skip114
\AlCapHSkip=\skip115
\algoskipindent=\skip116
\algocf@nlbox=\box256
\algocf@hangingbox=\box257
\algocf@untilbox=\box258
\algocf@skipuntil=\skip117
\algocf@capbox=\box259
\algocf@lcaptionbox=\skip118
\algoheightruledefault=\skip119
\algoheightrule=\skip120
\algotitleheightruledefault=\skip121
\algotitleheightrule=\skip122
\c@algocfline=\count592
\c@algocfproc=\count593
\c@algocf=\count594
\algocf@algoframe=\box260
\algocf@algobox=\box261
)
Package hyperref Info: Option `colorlinks' set `true' on input line 264.
) (./codespace.sty
Package: codespace 

(./fonts.sty
Package: fonts 

Package fontspec Info: 
(fontspec)             Font family 'Goudy_Sans_Pro_Black(0)' created for font
(fontspec)             'Goudy_Sans_Pro_Black' with options
(fontspec)             [Path=fonts/,Extension=.otf].
(fontspec)              
(fontspec)              This font family consists of the following NFSS
(fontspec)             series/shapes:
(fontspec)              
(fontspec)             - 'normal' (m/n) with NFSS spec.:
(fontspec)             <->"[fonts/Goudy_Sans_Pro_Black.otf]:mode=node;script=la
tn;language=dflt;"

)

Package fontspec Info: 
(fontspec)             Font family 'lcd' created for font 'LSANS' with options
(fontspec)             [Path=fonts/lcd/,Extension=.TTF,NFSSFamily=lcd,UprightFo
nt=LSANS,BoldFont=LSANSD,ItalicFont=LSANSI,BoldItalicFont=LSANSDI].
(fontspec)              
(fontspec)              This font family consists of the following NFSS
(fontspec)             series/shapes:
(fontspec)              
(fontspec)             - 'normal' (m/n) with NFSS spec.:
(fontspec)             <->"[fonts/lcd/LSANS.TTF]:mode=node;language=dflt;"
(fontspec)             - 'bold' (b/n) with NFSS spec.:
(fontspec)             <->"[fonts/lcd/LSANSD.TTF]:mode=node;language=dflt;"
(fontspec)             - 'italic' (m/it) with NFSS spec.:
(fontspec)             <->"[fonts/lcd/LSANSI.TTF]:mode=node;language=dflt;"
(fontspec)             - 'bold italic' (b/it) with NFSS spec.:
(fontspec)             <->"[fonts/lcd/LSANSDI.TTF]:mode=node;language=dflt;"


(c:/texlive/2025/texmf-dist/tex/latex/tcolorbox/tcbminted.code.tex
Library (tcolorbox): 'tcbminted.code.tex' version '6.7.1'
(c:/texlive/2025/texmf-dist/tex/latex/tcolorbox/tcblistingscore.code.tex
Library (tcolorbox): 'tcblistingscore.code.tex' version '6.7.1'
(c:/texlive/2025/texmf-dist/tex/latex/tcolorbox/tcbprocessing.code.tex
Library (tcolorbox): 'tcbprocessing.code.tex' version '6.7.1'
)
\c@tcblisting=\count595
)) (c:/texlive/2025/texmf-dist/tex/latex/tcolorbox/tcbbreakable.code.tex
Library (tcolorbox): 'tcbbreakable.code.tex' version '6.7.1'
(c:/texlive/2025/texmf-dist/tex/latex/pdfcol/pdfcol.sty
Package: pdfcol 2022-09-21 v1.7 Handle new color stacks for pdfTeX (HO)
)
Package pdfcol Info: New color stack `tcb@breakable' = 1 on input line 23.
\tcb@testbox=\box262
\tcb@totalupperbox=\box263
\tcb@totallowerbox=\box264

(c:/texlive/2025/texmf-dist/tex/generic/iftex/ifluatex.sty
Package: ifluatex 2019/10/25 v1.5 ifluatex legacy package. Use iftex instead.
)))
Package csquotes Info: Checking for multilingual support...
Package csquotes Info: ... found 'babel' package.
Package csquotes Info: Adjusting default style.
Package csquotes Info: Redefining alias 'default' -> 'english'.
 (./main.aux)
\openout1 = main.aux

LaTeX Font Info:    Checking defaults for OML/cmm/m/it on input line 15.
LaTeX Font Info:    ... okay on input line 15.
LaTeX Font Info:    Checking defaults for OMS/cmsy/m/n on input line 15.
LaTeX Font Info:    ... okay on input line 15.
LaTeX Font Info:    Checking defaults for OT1/cmr/m/n on input line 15.
LaTeX Font Info:    ... okay on input line 15.
LaTeX Font Info:    Checking defaults for T1/cmr/m/n on input line 15.
LaTeX Font Info:    ... okay on input line 15.
LaTeX Font Info:    Checking defaults for TS1/cmr/m/n on input line 15.
LaTeX Font Info:    ... okay on input line 15.
LaTeX Font Info:    Checking defaults for TU/lmr/m/n on input line 15.
LaTeX Font Info:    ... okay on input line 15.
LaTeX Font Info:    Checking defaults for OMX/cmex/m/n on input line 15.
LaTeX Font Info:    ... okay on input line 15.
LaTeX Font Info:    Checking defaults for U/cmr/m/n on input line 15.
LaTeX Font Info:    ... okay on input line 15.
LaTeX Font Info:    Checking defaults for PD1/pdf/m/n on input line 15.
LaTeX Font Info:    ... okay on input line 15.
LaTeX Font Info:    Checking defaults for PU/pdf/m/n on input line 15.
LaTeX Font Info:    ... okay on input line 15.

Package fontspec Info: 
(fontspec)             Adjusting the maths setup (use [no-math] to avoid
(fontspec)             this).

\symlegacymaths=\mathgroup6
LaTeX Font Info:    Overwriting symbol font `legacymaths' in version `bold'
(Font)                  OT1/cmr/m/n --> OT1/cmr/bx/n on input line 15.
LaTeX Font Info:    Redeclaring math accent \acute on input line 15.
LaTeX Font Info:    Redeclaring math accent \grave on input line 15.
LaTeX Font Info:    Redeclaring math accent \ddot on input line 15.
LaTeX Font Info:    Redeclaring math accent \tilde on input line 15.
LaTeX Font Info:    Redeclaring math accent \bar on input line 15.
LaTeX Font Info:    Redeclaring math accent \breve on input line 15.
LaTeX Font Info:    Redeclaring math accent \check on input line 15.
LaTeX Font Info:    Redeclaring math accent \hat on input line 15.
LaTeX Font Info:    Redeclaring math accent \dot on input line 15.
LaTeX Font Info:    Redeclaring math accent \mathring on input line 15.
LaTeX Font Info:    Redeclaring math symbol \Gamma on input line 15.
LaTeX Font Info:    Redeclaring math symbol \Delta on input line 15.
LaTeX Font Info:    Redeclaring math symbol \Theta on input line 15.
LaTeX Font Info:    Redeclaring math symbol \Lambda on input line 15.
LaTeX Font Info:    Redeclaring math symbol \Xi on input line 15.
LaTeX Font Info:    Redeclaring math symbol \Pi on input line 15.
LaTeX Font Info:    Redeclaring math symbol \Sigma on input line 15.
LaTeX Font Info:    Redeclaring math symbol \Upsilon on input line 15.
LaTeX Font Info:    Redeclaring math symbol \Phi on input line 15.
LaTeX Font Info:    Redeclaring math symbol \Psi on input line 15.
LaTeX Font Info:    Redeclaring math symbol \Omega on input line 15.
LaTeX Font Info:    Redeclaring math symbol \mathdollar on input line 15.
LaTeX Font Info:    Redeclaring symbol font `operators' on input line 15.
LaTeX Font Info:    Encoding `OT1' has changed to `TU' for symbol font
(Font)              `operators' in the math version `normal' on input line 15.
LaTeX Font Info:    Overwriting symbol font `operators' in version `normal'
(Font)                  OT1/cmr/m/n --> TU/lmr/m/n on input line 15.
LaTeX Font Info:    Encoding `OT1' has changed to `TU' for symbol font
(Font)              `operators' in the math version `bold' on input line 15.
LaTeX Font Info:    Overwriting symbol font `operators' in version `bold'
(Font)                  OT1/cmr/bx/n --> TU/lmr/m/n on input line 15.
LaTeX Font Info:    Overwriting symbol font `operators' in version `normal'
(Font)                  TU/lmr/m/n --> TU/lmr/m/n on input line 15.
LaTeX Font Info:    Overwriting math alphabet `\mathit' in version `normal'
(Font)                  OT1/cmr/m/it --> TU/lmr/m/it on input line 15.
LaTeX Font Info:    Overwriting math alphabet `\mathbf' in version `normal'
(Font)                  OT1/cmr/bx/n --> TU/lmr/b/n on input line 15.
LaTeX Font Info:    Overwriting math alphabet `\mathsf' in version `normal'
(Font)                  OT1/cmss/m/n --> TU/lmss/m/n on input line 15.
LaTeX Font Info:    Overwriting math alphabet `\mathtt' in version `normal'
(Font)                  OT1/cmtt/m/n --> TU/lmtt/m/n on input line 15.
LaTeX Font Info:    Overwriting symbol font `operators' in version `bold'
(Font)                  TU/lmr/m/n --> TU/lmr/b/n on input line 15.
LaTeX Font Info:    Overwriting math alphabet `\mathit' in version `bold'
(Font)                  OT1/cmr/bx/it --> TU/lmr/b/it on input line 15.
LaTeX Font Info:    Overwriting math alphabet `\mathsf' in version `bold'
(Font)                  OT1/cmss/bx/n --> TU/lmss/b/n on input line 15.
LaTeX Font Info:    Overwriting math alphabet `\mathtt' in version `bold'
(Font)                  OT1/cmtt/m/n --> TU/lmtt/b/n on input line 15.

*geometry* driver: auto-detecting
*geometry* detected driver: luatex
*geometry* verbose mode - [ preamble ] result:
* driver: luatex
* paper: a4paper
* layout: <same size as paper>
* layoutoffset:(h,v)=(0.0pt,0.0pt)
* modes: includehead includefoot 
* h-part:(L,W,R)=(71.13188pt, 483.69687pt, 42.67912pt)
* v-part:(T,H,B)=(28.45274pt, 788.14136pt, 28.45274pt)
* \paperwidth=597.50787pt
* \paperheight=845.04684pt
* \textwidth=483.69687pt
* \textheight=703.14136pt
* \oddsidemargin=-1.1381pt
* \evensidemargin=-1.1381pt
* \topmargin=-43.81725pt
* \headheight=30.0pt
* \headsep=25.0pt
* \topskip=12.0pt
* \footskip=30.0pt
* \marginparwidth=35.0pt
* \marginparsep=10.0pt
* \columnsep=10.0pt
* \skip\footins=10.8pt plus 4.0pt minus 2.0pt
* \hoffset=0.0pt
* \voffset=0.0pt
* \mag=1000
* \@twocolumnfalse
* \@twosidefalse
* \@mparswitchfalse
* \@reversemarginfalse
* (1in=72.27pt=25.4mm, 1cm=28.453pt)

(c:/texlive/2025/texmf-dist/tex/context/base/mkii/supp-pdf.mkii
[Loading MPS to PDF converter (version 2006.09.02).]
\scratchcounter=\count596
\scratchdimen=\dimen420
\scratchbox=\box265
\nofMPsegments=\count597
\nofMParguments=\count598
\everyMPshowfont=\toks61
\MPscratchCnt=\count599
\MPscratchDim=\dimen421
\MPnumerator=\count600
\makeMPintoPDFobject=\count601
\everyMPtoPDFconversion=\toks62
) (c:/texlive/2025/texmf-dist/tex/latex/epstopdf-pkg/epstopdf-base.sty
Package: epstopdf-base 2020-01-24 v2.11 Base part for package epstopdf
Package epstopdf-base Info: Redefining graphics rule for `.eps' on input line 4
85.

(c:/texlive/2025/texmf-dist/tex/latex/latexconfig/epstopdf-sys.cfg
File: epstopdf-sys.cfg 2010/07/13 v1.3 Configuration of (r)epstopdf for TeX Liv
e
))
Package caption Info: Begin \AtBeginDocument code.
Package caption Info: hyperref package is loaded.
Package caption Info: longtable package is loaded.

(c:/texlive/2025/texmf-dist/tex/latex/caption/ltcaption.sty
Package: ltcaption 2021/01/08 v1.4c longtable captions (AR)
)
Package caption Info: End \AtBeginDocument code.

(c:/texlive/2025/texmf-dist/tex/latex/translations/translations-basic-dictionar
y-english.trsl
File: translations-basic-dictionary-english.trsl (english translation file `tra
nslations-basic-dictionary')
)
Package translations Info: loading dictionary `translations-basic-dictionary' f
or `english'. on input line 15.
Package hyperref Info: Link coloring ON on input line 15.
 (./main.out) (./main.out)
\@outlinefile=\write6

\openout6 = main.out
Package biblatex Info: Trying to load language 'english'...
Package biblatex Info: ... file 'english.lbx' found.

(c:/texlive/2025/texmf-dist/tex/latex/biblatex/lbx/english.lbx
File: english.lbx 2025/07/10 v3.21 biblatex localization (PK/MW)
)
Package biblatex Info: LuaTeX detected.
(biblatex)             Assuming input encoding 'utf8'.
Package biblatex Info: Automatic encoding selection.
(biblatex)             Assuming data encoding 'utf8'.

\openout5 = main.bcf
Package biblatex Info: Trying to load bibliographic data...
Package biblatex Info: ... file 'main.bbl' not found.

No file main.bbl.
Package biblatex Info: Reference section=0 on input line 15.
Package biblatex Info: Reference segment=0 on input line 15.
*geometry* verbose mode - [ newgeometry ] result:
* driver: luatex
* paper: a4paper
* layout: <same size as paper>
* layoutoffset:(h,v)=(0.0pt,0.0pt)
* modes: includehead includefoot 
* h-part:(L,W,R)=(71.13188pt, 483.69687pt, 42.67912pt)
* v-part:(T,H,B)=(56.9055pt, 731.23584pt, 56.9055pt)
* \paperwidth=597.50787pt
* \paperheight=845.04684pt
* \textwidth=483.69687pt
* \textheight=636.23584pt
* \oddsidemargin=-1.1381pt
* \evensidemargin=-1.1381pt
* \topmargin=-15.36449pt
* \headheight=40.0pt
* \headsep=25.0pt
* \topskip=12.0pt
* \footskip=30.0pt
* \marginparwidth=35.0pt
* \marginparsep=10.0pt
* \columnsep=10.0pt
* \skip\footins=10.8pt plus 4.0pt minus 2.0pt
* \hoffset=0.0pt
* \voffset=0.0pt
* \mag=1000
* \@twocolumnfalse
* \@twosidefalse
* \@mparswitchfalse
* \@reversemarginfalse
* (1in=72.27pt=25.4mm, 1cm=28.453pt)

<images/hcmut.png, id=244, 291.0072pt x 293.898pt>
File: images/hcmut.png Graphic file (type png)
<use images/hcmut.png>
Package luatex.def Info: images/hcmut.png  used on input line 16.
(luatex.def)             Requested size: 116.4008pt x 117.5571pt.
LaTeX Font Info:    Trying to load font information for U+msa on input line 16.

(c:/texlive/2025/texmf-dist/tex/latex/amsfonts/umsa.fd
File: umsa.fd 2013/01/14 v3.01 AMS symbols A
)
LaTeX Font Info:    Trying to load font information for U+msb on input line 16.


(c:/texlive/2025/texmf-dist/tex/latex/amsfonts/umsb.fd
File: umsb.fd 2013/01/14 v3.01 AMS symbols B
)

[1


{c:/texlive/2025/texmf-var/fonts/map/pdftex/updmap/pdftex.map}<./images/hcmut.pn
g>] (./sections/abstract.tex

[1

]) (./main.toc

[2

])
\tf@toc=\write7

\openout7 = main.toc


[3] (./sections/introduction.tex

LaTeX Warning: Citation 'freertos_kernel' on page 1 undefined on input line 19.



LaTeX Warning: Citation 'platformio' on page 1 undefined on input line 19.


LaTeX Warning: Citation 'esp32_arduino' on page 1 undefined on input line 19.



LaTeX Font Info:    Font shape `TU/lmtt/bx/n' in size <12> not available
(Font)              Font shape `TU/lmtt/b/n' tried instead on input line 47.
File: images/hcmut.png Graphic file (type png)
<use images/hcmut.png>
Package luatex.def Info: images/hcmut.png  used on input line 47.
(luatex.def)             Requested size: 23.28105pt x 23.51231pt.

warning  (pdf backend): ignoring duplicate destination with the name 'page.1'
[1

]

File: images/hcmut.png Graphic file (type png)
<use images/hcmut.png>
Package luatex.def Info: images/hcmut.png  used on input line 83.
(luatex.def)             Requested size: 23.28105pt x 23.51231pt.
[2]

File: images/hcmut.png Graphic file (type png)
<use images/hcmut.png>
Package luatex.def Info: images/hcmut.png  used on input line 123.
(luatex.def)             Requested size: 23.28105pt x 23.51231pt.
[3]) (./sections/requirements.tex

File: images/hcmut.png Graphic file (type png)
<use images/hcmut.png>
Package luatex.def Info: images/hcmut.png  used on input line 8.
(luatex.def)             Requested size: 23.28105pt x 23.51231pt.
[4]
Overfull \hbox (1.72021pt too wide) in paragraph at lines 39--43
\TU/lmr/m/n/12 For the NeoPixel task, the as-sign-ment re-quires humidity-based color in-di-ca-tion us-ing semaphore-
 []



File: images/hcmut.png Graphic file (type png)
<use images/hcmut.png>
Package luatex.def Info: images/hcmut.png  used on input line 43.
(luatex.def)             Requested size: 23.28105pt x 23.51231pt.
[5]

File: images/hcmut.png Graphic file (type png)
<use images/hcmut.png>
Package luatex.def Info: images/hcmut.png  used on input line 79.
(luatex.def)             Requested size: 23.28105pt x 23.51231pt.
[6]

File: images/hcmut.png Graphic file (type png)
<use images/hcmut.png>
Package luatex.def Info: images/hcmut.png  used on input line 116.
(luatex.def)             Requested size: 23.28105pt x 23.51231pt.
[7]

LaTeX Warning: Citation 'tflm' on page 8 undefined on input line 128.


LaTeX Warning: Citation 'coreiot_platform' on page 8 undefined on input line 14
8.


LaTeX Warning: Citation 'pubsubclient' on page 8 undefined on input line 148.


LaTeX Warning: Citation 'arduinojson' on page 8 undefined on input line 148.


Overfull \hbox (6.59138pt too wide) in paragraph at lines 145--149
\TU/lmr/m/n/12 bidi-rec-tional in-ter-ac-tion with the cloud rather than sim-ple
 teleme-try up-load [[],
 []



File: images/hcmut.png Graphic file (type png)
<use images/hcmut.png>
Package luatex.def Info: images/hcmut.png  used on input line 154.
(luatex.def)             Requested size: 23.28105pt x 23.51231pt.
[8]

File: images/hcmut.png Graphic file (type png)
<use images/hcmut.png>
Package luatex.def Info: images/hcmut.png  used on input line 189.
(luatex.def)             Requested size: 23.28105pt x 23.51231pt.
[9]

LaTeX Warning: Citation 'platformio' on page 10 undefined on input line 201.


LaTeX Warning: Citation 'freertos_kernel' on page 10 undefined on input line 20
1.


LaTeX Warning: Citation 'pubsubclient' on page 10 undefined on input line 201.


LaTeX Warning: Citation 'arduinojson' on page 10 undefined on input line 201.


LaTeX Warning: Citation 'tflm' on page 10 undefined on input line 201.


Overfull \hbox (2.5497pt too wide) in paragraph at lines 199--202
\TU/lmr/m/n/12 Ar-duino-J-son, and Ten-sor-Flow Lite Mi-cro [[], [], [],
 []

) (./sections/design.tex

File: images/hcmut.png Graphic file (type png)
<use images/hcmut.png>
Package luatex.def Info: images/hcmut.png  used on input line 20.
(luatex.def)             Requested size: 23.28105pt x 23.51231pt.
[10]
Underfull \hbox (badness 2443) in paragraph at lines 55--55
[]|\TU/lmr/bx/n/12 Pin / Ad-
 []


Underfull \hbox (badness 10000) in paragraph at lines 59--59
[]|\TU/lmr/m/n/12 I$[][]$C ad-dress
 []



File: images/hcmut.png Graphic file (type png)
<use images/hcmut.png>
Package luatex.def Info: images/hcmut.png  used on input line 69.
(luatex.def)             Requested size: 23.28105pt x 23.51231pt.
[11]
Overfull \hbox (0.56325pt too wide) in paragraph at lines 87--87
[]|\TU/lmr/bx/n/12 Prio.| 
 []


Underfull \hbox (badness 10000) in paragraph at lines 87--87
[]|\TU/lmr/bx/n/12 Ac-ti-va-tion
 []


Underfull \hbox (badness 4940) in paragraph at lines 89--90
\TU/lmr/m/n/12 ues, dis-patch sam-ples to
 []


Underfull \hbox (badness 10000) in paragraph at lines 90--90
[]|\TU/lmr/m/n/12 Event-driven,
 []


Underfull \hbox (badness 1028) in paragraph at lines 90--90
\TU/lmr/m/n/12 queue wait up to
 []


Underfull \hbox (badness 1082) in paragraph at lines 90--91
[]|\TU/lmr/m/n/12 Ren-der lo-cal LCD con-tent
 []


Underfull \hbox (badness 10000) in paragraph at lines 91--91
[]|\TU/lmtt/m/n/12 main_-server_-
 []


Underfull \hbox (badness 4366) in paragraph at lines 91--91
[]|\TU/lmr/m/n/12 Fast ser-vice loop
 []


Underfull \hbox (badness 1009) in paragraph at lines 91--92
[]|\TU/lmr/m/n/12 Run HTTP server, han-dle
 []


Underfull \hbox (badness 10000) in paragraph at lines 92--92
[]|\TU/lmtt/m/n/12 led_-manager_-
 []


Underfull \hbox (badness 10000) in paragraph at lines 92--92
[]|\TU/lmr/m/n/12 Event-driven plus
 []


Underfull \hbox (badness 10000) in paragraph at lines 93--93
[]|\TU/lmtt/m/n/12 neo_-pixel_-
 []


Underfull \hbox (badness 10000) in paragraph at lines 93--93
[]|\TU/lmr/m/n/12 Event-driven,
 []


Underfull \hbox (badness 10000) in paragraph at lines 93--93
\TU/lmr/m/n/12 block-ing queue
 []


Underfull \hbox (badness 10000) in paragraph at lines 94--94
[]|\TU/lmr/m/n/12 Event-driven by
 []


Underfull \hbox (badness 1325) in paragraph at lines 94--95
[]|\TU/lmr/m/n/12 Ac-cu-mu-late sam-ples, build
 []


Underfull \hbox (badness 10000) in paragraph at lines 94--95
\TU/lmr/m/n/12 fea-tures, in-voke TFLM
 []


Underfull \hbox (badness 2980) in paragraph at lines 95--95
[]|\TU/lmr/m/n/12 Event-driven af-ter
 []



File: images/hcmut.png Graphic file (type png)
<use images/hcmut.png>
Package luatex.def Info: images/hcmut.png  used on input line 99.
(luatex.def)             Requested size: 23.28105pt x 23.51231pt.
[12]

File: images/hcmut.png Graphic file (type png)
<use images/hcmut.png>
Package luatex.def Info: images/hcmut.png  used on input line 115.
(luatex.def)             Requested size: 23.28105pt x 23.51231pt.
[13]

File: images/hcmut.png Graphic file (type png)
<use images/hcmut.png>
Package luatex.def Info: images/hcmut.png  used on input line 152.
(luatex.def)             Requested size: 23.28105pt x 23.51231pt.
[14]
Underfull \hbox (badness 3977) in paragraph at lines 173--174
[]|\TU/lmr/m/n/12 LED man-ager re-ceives mode-
 []


Underfull \hbox (badness 1365) in paragraph at lines 178--179
[]|\TU/lmr/m/n/12 TinyML re-ceives lat-est sam-ple
 []


Overfull \hbox (7.34163pt too wide) in paragraph at lines 179--179
[]|\TU/lmtt/m/n/12 tinyResultQueue| 
 []



File: images/hcmut.png Graphic file (type png)
<use images/hcmut.png>
Package luatex.def Info: images/hcmut.png  used on input line 189.
(luatex.def)             Requested size: 23.28105pt x 23.51231pt.
[15]

File: images/hcmut.png Graphic file (type png)
<use images/hcmut.png>
Package luatex.def Info: images/hcmut.png  used on input line 228.
(luatex.def)             Requested size: 23.28105pt x 23.51231pt.
[16]) (./sections/implementation.tex

File: images/hcmut.png Graphic file (type png)
<use images/hcmut.png>
Package luatex.def Info: images/hcmut.png  used on input line 18.
(luatex.def)             Requested size: 23.28105pt x 23.51231pt.
[17]
Overfull \hbox (4.59087pt too wide) in paragraph at lines 32--34
[]\TU/lmtt/m/n/12 app_-set_-wifi_-connected() \TU/lmr/m/n/12 and \TU/lmtt/m/n/1
2 app_-get_-wifi_-connected() \TU/lmr/m/n/12 man-age con-nec-tiv-ity state,
 []



File: images/hcmut.png Graphic file (type png)
<use images/hcmut.png>
Package luatex.def Info: images/hcmut.png  used on input line 59.
(luatex.def)             Requested size: 23.28105pt x 23.51231pt.
[18]

File: images/hcmut.png Graphic file (type png)
<use images/hcmut.png>
Package luatex.def Info: images/hcmut.png  used on input line 106.
(luatex.def)             Requested size: 23.28105pt x 23.51231pt.
[19]

File: images/hcmut.png Graphic file (type png)
<use images/hcmut.png>
Package luatex.def Info: images/hcmut.png  used on input line 144.
(luatex.def)             Requested size: 23.28105pt x 23.51231pt.
[20]
Overfull \hbox (7.00934pt too wide) in paragraph at lines 145--148
\TU/lmr/m/n/12 The web mod-ule is the largest sub-sys-tem in the repos-i-tory. 
It com-bines \TU/lmtt/m/n/12 WebServer\TU/lmr/m/n/12 , \TU/lmtt/m/n/12 Preferenc
es\TU/lmr/m/n/12 ,
 []



File: images/hcmut.png Graphic file (type png)
<use images/hcmut.png>
Package luatex.def Info: images/hcmut.png  used on input line 177.
(luatex.def)             Requested size: 23.28105pt x 23.51231pt.
[21]
Overfull \hbox (51.63762pt too wide) in paragraph at lines 201--202
[]\TU/lmr/bx/n/12 Per-sis-tence and REST API: \TU/lmr/m/n/12 Con-fig-u-ra-tion 
changes are sub-mit-ted via the \TU/lmtt/m/n/12 /api/coreiot/config
 []



File: images/hcmut.png Graphic file (type png)
<use images/hcmut.png>
Package luatex.def Info: images/hcmut.png  used on input line 202.
(luatex.def)             Requested size: 23.28105pt x 23.51231pt.
[22]
<images/f1.png, id=514, 2167.34718pt x 1234.6125pt>
File: images/f1.png Graphic file (type png)
<use images/f1.png>
Package luatex.def Info: images/f1.png  used on input line 208.
(luatex.def)             Requested size: 483.69687pt x 275.53403pt.


File: images/hcmut.png Graphic file (type png)
<use images/hcmut.png>
Package luatex.def Info: images/hcmut.png  used on input line 224.
(luatex.def)             Requested size: 23.28105pt x 23.51231pt.
[23<./images/f1.png>]

File: images/hcmut.png Graphic file (type png)
<use images/hcmut.png>
Package luatex.def Info: images/hcmut.png  used on input line 262.
(luatex.def)             Requested size: 23.28105pt x 23.51231pt.
[24]

File: images/hcmut.png Graphic file (type png)
<use images/hcmut.png>
Package luatex.def Info: images/hcmut.png  used on input line 303.
(luatex.def)             Requested size: 23.28105pt x 23.51231pt.
[25]
<images/f3.png, id=544, 1449.91687pt x 734.745pt>
File: images/f3.png Graphic file (type png)
<use images/f3.png>
Package luatex.def Info: images/f3.png  used on input line 308.
(luatex.def)             Requested size: 483.69687pt x 245.11246pt.


File: images/hcmut.png Graphic file (type png)
<use images/hcmut.png>
Package luatex.def Info: images/hcmut.png  used on input line 316.
(luatex.def)             Requested size: 23.28105pt x 23.51231pt.
[26<./images/f3.png>]

File: images/hcmut.png Graphic file (type png)
<use images/hcmut.png>
Package luatex.def Info: images/hcmut.png  used on input line 333.
(luatex.def)             Requested size: 23.28105pt x 23.51231pt.
[27]

File: images/hcmut.png Graphic file (type png)
<use images/hcmut.png>
Package luatex.def Info: images/hcmut.png  used on input line 348.
(luatex.def)             Requested size: 23.28105pt x 23.51231pt.
[28]

File: images/hcmut.png Graphic file (type png)
<use images/hcmut.png>
Package luatex.def Info: images/hcmut.png  used on input line 372.
(luatex.def)             Requested size: 23.28105pt x 23.51231pt.
[29]
<images/f2.png, id=586, 2167.34718pt x 856.70062pt>
File: images/f2.png Graphic file (type png)
<use images/f2.png>
Package luatex.def Info: images/f2.png  used on input line 401.
(luatex.def)             Requested size: 483.69687pt x 191.19373pt.


File: images/hcmut.png Graphic file (type png)
<use images/hcmut.png>
Package luatex.def Info: images/hcmut.png  used on input line 410.
(luatex.def)             Requested size: 23.28105pt x 23.51231pt.
[30<./images/f2.png>]) (./sections/testing.tex

File: images/hcmut.png Graphic file (type png)
<use images/hcmut.png>
Package luatex.def Info: images/hcmut.png  used on input line 25.
(luatex.def)             Requested size: 23.28105pt x 23.51231pt.
[31]
Underfull \hbox (badness 2828) in paragraph at lines 64--64
[]|\TU/lmr/bx/n/12 Ex-pected tim-
 []


Underfull \hbox (badness 1552) in paragraph at lines 66--67
[]|\TU/lmr/m/n/12 Uses \TU/lmtt/m/n/12 vTaskDelayUntil()\TU/lmr/m/n/12 , which 
is the
 []


Underfull \hbox (badness 10000) in paragraph at lines 67--67
[]|\TU/lmr/m/n/12 event-driven,
 []


Underfull \hbox (badness 10000) in paragraph at lines 67--67
\TU/lmr/m/n/12 mode-dependent
 []


Underfull \hbox (badness 5592) in paragraph at lines 68--69
[]|\TU/lmr/m/n/12 Up-dates on each hu-mid-ity com-mand.
 []


Underfull \hbox (badness 10000) in paragraph at lines 69--69
[]|\TU/lmr/m/n/12 event-driven,
 []


Underfull \hbox (badness 1571) in paragraph at lines 70--71
[]|\TU/lmr/m/n/12 Ap-pro-pri-ate for re-spon-sive lo-cal HTTP
 []


Underfull \hbox (badness 3375) in paragraph at lines 70--71
\TU/lmr/m/n/12 han-dling. Hu-man in-ter-ac-tion la-tency
 []



File: images/hcmut.png Graphic file (type png)
<use images/hcmut.png>
Package luatex.def Info: images/hcmut.png  used on input line 75.
(luatex.def)             Requested size: 23.28105pt x 23.51231pt.
[32]

File: images/hcmut.png Graphic file (type png)
<use images/hcmut.png>
Package luatex.def Info: images/hcmut.png  used on input line 83.
(luatex.def)             Requested size: 23.28105pt x 23.51231pt.
[33]

File: images/hcmut.png Graphic file (type png)
<use images/hcmut.png>
Package luatex.def Info: images/hcmut.png  used on input line 122.
(luatex.def)             Requested size: 23.28105pt x 23.51231pt.
[34]

File: images/hcmut.png Graphic file (type png)
<use images/hcmut.png>
Package luatex.def Info: images/hcmut.png  used on input line 156.
(luatex.def)             Requested size: 23.28105pt x 23.51231pt.
[35]) (./sections/discussion.tex

File: images/hcmut.png Graphic file (type png)
<use images/hcmut.png>
Package luatex.def Info: images/hcmut.png  used on input line 1.
(luatex.def)             Requested size: 23.28105pt x 23.51231pt.
[36]

File: images/hcmut.png Graphic file (type png)
<use images/hcmut.png>
Package luatex.def Info: images/hcmut.png  used on input line 41.
(luatex.def)             Requested size: 23.28105pt x 23.51231pt.
[37]

File: images/hcmut.png Graphic file (type png)
<use images/hcmut.png>
Package luatex.def Info: images/hcmut.png  used on input line 80.
(luatex.def)             Requested size: 23.28105pt x 23.51231pt.
[38]) (./sections/conclusion.tex

File: images/hcmut.png Graphic file (type png)
<use images/hcmut.png>
Package luatex.def Info: images/hcmut.png  used on input line 12.
(luatex.def)             Requested size: 23.28105pt x 23.51231pt.
[39]

File: images/hcmut.png Graphic file (type png)
<use images/hcmut.png>
Package luatex.def Info: images/hcmut.png  used on input line 42.
(luatex.def)             Requested size: 23.28105pt x 23.51231pt.
[40])

File: images/hcmut.png Graphic file (type png)
<use images/hcmut.png>
Package luatex.def Info: images/hcmut.png  used on input line 35.
(luatex.def)             Requested size: 23.28105pt x 23.51231pt.
[41]

LaTeX Warning: Empty bibliography on input line 36.


enddocument/afterlastpage (AED): lastpage setting LastPage.
runsystem(latexminted cleantemp  --timestamp 20260515162801 FAD58DE7366495DB4650
CFEFAC2FCD61)...executed.
(./main.aux)
 ***********
LaTeX2e <2025-06-01> patch level 1
L3 programming layer <2025-07-20>
 ***********


LaTeX Warning: There were undefined references.

Package rerunfilecheck Info: File `main.out' has not changed.
(rerunfilecheck)             Checksum: EF62C1102660C80DB5E0FC5C31FFC086;11225.

Package biblatex Warning: Please (re)run Biber on the file:
(biblatex)                main
(biblatex)                and rerun LaTeX afterwards.

Package logreq Info: Writing requests to 'main.run.xml'.

\openout1 = main.run.xml
)

Here is how much of LuaTeX's memory you used:
 54123 strings out of 470118
 100000,2373549 words of node,token memory allocated
 713 words of node memory still in use:
   6 hlist, 2 vlist, 2 rule, 2 glue, 4 kern, 1 glyph, 13 attribute, 93 glue_spec
, 8 attribute_list, 3 write nodes
   avail lists: 1:1,2:1577,3:460,4:250,5:489,6:129,7:6250,8:31,9:940,10:15,11:48
5
 81033 multiletter control sequences out of 65536+600000
 80 fonts using 5722247 bytes
 113i,17n,117p,1497b,2757s stack positions out of 10000i,1000n,20000p,200000b,200000s
<c:/texlive/2025/texmf-dist/fonts/opentype/public/lm/lmroman12-italic.otf><c:/te
xlive/2025/texmf-dist/fonts/opentype/public/lm/lmmono8-regular.otf><c:/texlive/2
025/texmf-dist/fonts/opentype/public/lm/lmmono12-regular.otf><c:/texlive/2025/te
xmf-dist/fonts/opentype/public/lm/lmmonolt10-bold.otf><c:/texlive/2025/texmf-dis
t/fonts/opentype/public/lm/lmroman8-regular.otf><c:/texlive/2025/texmf-dist/font
s/opentype/public/lm/lmroman12-bold.otf><c:/texlive/2025/texmf-dist/fonts/openty
pe/public/lm/lmroman12-regular.otf><c:/texlive/2025/texmf-dist/fonts/type1/publi
c/amsfonts/cm/cmmi12.pfb><c:/texlive/2025/texmf-dist/fonts/type1/public/amsfonts
/cm/cmmi8.pfb><c:/texlive/2025/texmf-dist/fonts/type1/public/amsfonts/cm/cmr12.p
fb><c:/texlive/2025/texmf-dist/fonts/type1/public/amsfonts/cm/cmsy10.pfb>
Output written on main.pdf (45 pages, 904509 bytes).

PDF statistics: 748 PDF objects out of 1000 (max. 8388607)
 661 compressed objects within 7 object streams
 183 named destinations out of 1000 (max. 131072)
 488 words of extra memory for PDF output out of 10000 (max. 100000000)

